mjcf found: /home/ltx/mask_discoverse/DISCOVERSE/models/mjcf/inspire_hand_arm/hand_arm_bridge.xml
0
check_done
now trying.....
1
now trying.....
now trying.....
now trying.....
now trying.....
now trying.....
now trying.....
now trying.....
now trying.....
now trying.....
now trying.....
(1, 253968)
Target out of workspace. Nearest point: [0.59 0.38 0.32], Distance: 0.018393374709752282, Score:0.1325610363124261
now trying.....
(1, 253968)
Target out of workspace. Nearest point: [0.58 0.4  0.3 ], Distance: 0.05023704335434213, Score:0.14961798207307841
now trying.....
(1, 253968)
Target out of workspace. Nearest point: [0.57 0.41 0.3 ], Distance: 0.0819935582362874, Score:0.167085395941574
now trying.....
(1, 253968)
Target out of workspace. Nearest point: [0.55 0.43 0.29], Distance: 0.11964962883260892, Score:0.18376135101131896
now trying.....
(1, 253968)
Target out of workspace. Nearest point: [0.54 0.44 0.28], Distance: 0.1543389619009199, Score:0.19915633223400725
now trying.....
(1, 253968)
Target out of workspace. Nearest point: [0.52 0.46 0.26], Distance: 0.19438384004761688, Score:0.21444318414899538
now trying.....
(1, 253968)
Target out of workspace. Nearest point: [0.5  0.47 0.27], Distance: 0.23182500064891415, Score:0.22861154537128525
now trying.....
(1, 253968)
Target out of workspace. Nearest point: [0.5  0.47 0.27], Distance: 0.26255764609381654, Score:0.24313537547967812
now trying.....
(1, 253968)
Target out of workspace. Nearest point: [0.47 0.49 0.25], Distance: 0.30921987302667897, Score:0.25670129914941986
now trying.....
(1, 253968)
Target out of workspace. Nearest point: [0.45 0.5  0.25], Distance: 0.3497902575300537, Score:0.2691511095654651
now trying.....
(1, 253968)
Target out of workspace. Nearest point: [0.45 0.5  0.25], Distance: 0.3809244119169852, Score:0.281368252465981
now trying.....
(1, 253968)
Target out of workspace. Nearest point: [0.43 0.51 0.24], Distance: 0.42355205817207187, Score:0.29309077870111305
now trying.....
(1, 253968)
Target out of workspace. Nearest point: [0.41 0.52 0.23], Distance: 0.46619518126576864, Score:0.30379914826591864
now trying.....
(1, 253968)
Target out of workspace. Nearest point: [0.41 0.52 0.23], Distance: 0.49806765909152356, Score:0.3144267096843723
now trying.....
(1, 253968)
Target out of workspace. Nearest point: [0.39 0.53 0.21], Distance: 0.5425584190534013, Score:0.3244954403703931
now trying.....
(1, 253968)
Target out of workspace. Nearest point: [0.36 0.54 0.2 ], Distance: 0.5926854756215381, Score:0.3339736991033915
now trying.....
(1, 253968)
Target out of workspace. Nearest point: [0.36 0.54 0.2 ], Distance: 0.6224659395830466, Score:0.3443478552535869
now trying.....
(1, 253968)
Target out of workspace. Nearest point: [0.36 0.54 0.2 ], Distance: 0.6527440684290292, Score:0.35258337108395327
now trying.....
(1, 253968)
Target out of workspace. Nearest point: [0.3  0.55 0.2 ], Distance: 0.7208407255728401, Score:0.36050538846876873
now trying.....
(1, 253968)
Target out of workspace. Nearest point: [0.3  0.55 0.2 ], Distance: 0.750917715053644, Score:0.36767356308405835
now trying.....
(1, 253968)
Target out of workspace. Nearest point: [0.3  0.55 0.2 ], Distance: 0.7813876617392884, Score:0.37473969609916535
now trying.....
(1, 253968)
Target out of workspace. Nearest point: [0.3  0.55 0.2 ], Distance: 0.8122063414277186, Score:0.38169022682227105
now trying.....
(1, 253968)
Target out of workspace. Nearest point: [0.26 0.55 0.22], Distance: 0.8694080590367226, Score:0.3881795891311958
now trying.....
(1, 253968)
Target out of workspace. Nearest point: [0.21 0.55 0.22], Distance: 0.9369311734970619, Score:0.39447404367810585
now trying.....
(1, 253968)
Target out of workspace. Nearest point: [0.21 0.55 0.22], Distance: 0.9676845629987947, Score:0.40019536461653776
now trying.....
(1, 253968)
Target out of workspace. Nearest point: [0.17 0.55 0.2 ], Distance: 1.0300423974763318, Score:0.40552968218213087
now trying.....
(1, 253968)
Target out of workspace. Nearest point: [0.17 0.55 0.2 ], Distance: 1.060839786709028, Score:0.41065542560400065
now trying.....
(1, 253968)
Target out of workspace. Nearest point: [0.16 0.55 0.19], Distance: 1.1002178245013217, Score:0.41563551028649875
now trying.....
(1, 253968)
Target out of workspace. Nearest point: [0.16 0.55 0.19], Distance: 1.1313544336476113, Score:0.4204940221923276
now trying.....
(1, 253968)
Target out of workspace. Nearest point: [0.12 0.54 0.21], Distance: 1.1958117159989634, Score:0.4168619384741691
now trying.....
(1, 253968)
Target out of workspace. Nearest point: [0.11 0.54 0.19], Distance: 1.2359438113537278, Score:0.42125989358045723
now trying.....
(1, 253968)
Target out of workspace. Nearest point: [0.11 0.54 0.19], Distance: 1.2670262941159618, Score:0.42556956711367705
now trying.....
(1, 253968)
Target out of workspace. Nearest point: [0.11 0.54 0.19], Distance: 1.298248633790491, Score:0.42979706965487807
now trying.....
(1, 253968)
Target out of workspace. Nearest point: [0.11 0.54 0.19], Distance: 1.3296009778488151, Score:0.4339426130059355
now trying.....
(1, 253968)
Target out of workspace. Nearest point: [0.11 0.54 0.19], Distance: 1.361074342368621, Score:0.43800670113333817
now trying.....
(1, 253968)
Target out of workspace. Nearest point: [0.11 0.54 0.19], Distance: 1.3926605223857762, Score:0.44199007794393247
now trying.....
(1, 253968)
Target out of workspace. Nearest point: [0.11 0.54 0.19], Distance: 1.4243520125901015, Score:0.4458936830606991
now trying.....
(1, 253968)
Target out of workspace. Nearest point: [0.11 0.54 0.19], Distance: 1.4561419370813824, Score:0.4497186143809519
now trying.....
(1, 253968)
Target out of workspace. Nearest point: [0.11 0.54 0.19], Distance: 1.4880239870663277, Score:0.4534660963883191
now trying.....
(1, 253968)
Target out of workspace. Nearest point: [0.11 0.54 0.19], Distance: 1.5199923655210963, Score:0.4571374533490652
now trying.....
(1, 253968)
Target out of workspace. Nearest point: [0.11 0.54 0.19], Distance: 1.5520417379697196, Score:0.46073408665743476
now trying.....
(1, 253968)
Target out of workspace. Nearest point: [0.11 0.54 0.19], Distance: 1.5819104457915834, Score:0.45757123724086834
now trying.....
(1, 253968)
Target out of workspace. Nearest point: [0.11 0.54 0.19], Distance: 1.6118290109713824, Score:0.4608442227843914
now trying.....
(1, 253968)
Target out of workspace. Nearest point: [0.11 0.54 0.19], Distance: 1.6417947078467043, Score:0.46405213251999544
now trying.....
(1, 253968)
Target out of workspace. Nearest point: [0.11 0.54 0.19], Distance: 1.6718050020316078, Score:0.467196526310514
now trying.....
(1, 253968)
Target out of workspace. Nearest point: [-0.02  0.01  0.48], Distance: 2.207065746023094, Score:0.46975574671462594
now trying.....
(1, 253968)
Target out of workspace. Nearest point: [-0.02  0.01  0.48], Distance: 2.2378294164664023, Score:0.4711970610446531
now trying.....
(1, 253968)
Target out of workspace. Nearest point: [-0.02  0.01  0.48], Distance: 2.2686045903013246, Score:0.47260765471172805
now trying.....
(1, 253968)
Target out of workspace. Nearest point: [-0.02  0.01  0.48], Distance: 2.2993908056418166, Score:0.47398846720536114
now trying.....
(1, 253968)
Target out of workspace. Nearest point: [-0.02  0.01  0.48], Distance: 2.3301876248499824, Score:0.4753404018433971
now trying.....
(1, 253968)
Target out of workspace. Nearest point: [-0.02  0.01  0.48], Distance: 2.36099463297524, Score:0.47666432737533015
now trying.....
(1, 253968)
Target out of workspace. Nearest point: [-0.02  0.01  0.48], Distance: 2.3918114363117695, Score:0.4779610795114577
now trying.....
(1, 253968)
Target out of workspace. Nearest point: [-0.02  0.01  0.48], Distance: 2.4226376610640012, Score:0.479231462380748
now trying.....
(1, 253968)
Target out of workspace. Nearest point: [-0.02  0.01  0.48], Distance: 2.453472952110851, Score:0.48047624992030813
now trying.....
(1, 253968)
Target out of workspace. Nearest point: [-0.08  0.06  0.48], Distance: 2.474995553878529, Score:0.4814038468297742
now trying.....
(1, 253968)
Target out of workspace. Nearest point: [-0.08  0.06  0.48], Distance: 2.50524746517089, Score:0.4826424721903547
now trying.....
(1, 253968)
Target out of workspace. Nearest point: [-0.08  0.06  0.48], Distance: 2.5355046266516355, Score:0.48385632887117835
now trying.....
(1, 253968)
Target out of workspace. Nearest point: [-0.08  0.06  0.48], Distance: 2.565766852580049, Score:0.4850461399524334
now trying.....
(1, 253968)
Target out of workspace. Nearest point: [-0.08  0.06  0.48], Distance: 2.5960339658458267, Score:0.4862126011942881
now trying.....
(1, 253968)
Target out of workspace. Nearest point: [-0.08  0.06  0.48], Distance: 2.626305797475209, Score:0.48735638228406986
now trying.....
(1, 253968)
Target out of workspace. Nearest point: [-0.08  0.06  0.48], Distance: 2.6565821861705268, Score:0.4884781280178504
now trying.....
(1, 253968)
Target out of workspace. Nearest point: [-0.08  0.06  0.48], Distance: 2.686862977880572, Score:0.4895784594202617
now trying.....
(1, 253968)
Target out of workspace. Nearest point: [-0.08  0.06  0.48], Distance: 2.7171480253994145, Score:0.4906579748061223
now trying.....
(1, 253968)
Target out of workspace. Nearest point: [-0.08  0.06  0.48], Distance: 2.7474371879914963, Score:0.49171725078723727
now trying.....
(1, 253968)
Target out of workspace. Nearest point: [-0.08  0.06  0.48], Distance: 2.777730331041028, Score:0.4927568432275232
now trying.....
(1, 253968)
Target out of workspace. Nearest point: [-0.08  0.06  0.48], Distance: 2.8080273257238755, Score:0.4937772881494219
now trying.....
(1, 253968)
Target out of workspace. Nearest point: [-0.08  0.06  0.48], Distance: 2.838768046590383, Score:0.493931355046449
now trying.....
(1, 253968)
Target out of workspace. Nearest point: [-0.08  0.06  0.48], Distance: 2.8695108333430586, Score:0.49496132421132455
now trying.....
(1, 253968)
Target out of workspace. Nearest point: [-0.08  0.06  0.48], Distance: 2.900255620286559, Score:0.49597194901239083
now trying.....
(1, 253968)
Target out of workspace. Nearest point: [-0.08  0.06  0.48], Distance: 2.9310023444778017, Score:0.49696376298436273
now trying.....
(1, 253968)
Target out of workspace. Nearest point: [-0.08  0.06  0.48], Distance: 2.961750945583536, Score:0.49793728045425845
now trying.....
(1, 253968)
Target out of workspace. Nearest point: [-0.08  0.06  0.48], Distance: 2.9925013657466493, Score:0.49889299738723547
now trying.....
(1, 253968)
Target out of workspace. Nearest point: [-0.08  0.06  0.48], Distance: 3.0232535494606076, Score:0.4998313921887243
now trying.....
(1, 253968)
Target out of workspace. Nearest point: [-0.08  0.06  0.48], Distance: 3.0540074434514333, Score:0.5007529264654325
now trying.....
(1, 253968)
Target out of workspace. Nearest point: [-0.08  0.06  0.48], Distance: 3.084762996566731, Score:0.5016580457476221
now trying.....
(1, 253968)
Target out of workspace. Nearest point: [-0.08  0.06  0.48], Distance: 3.1155201596712474, Score:0.5025471801749071
now trying.....
(1, 253968)
Target out of workspace. Nearest point: [-0.08  0.06  0.48], Distance: 3.146278885548538, Score:0.5034207451476737
now trying.....
(1, 253968)
Target out of workspace. Nearest point: [-0.08  0.06  0.48], Distance: 3.177039128808323, Score:0.5042791419460886
now trying.....
(1, 253968)
Target out of workspace. Nearest point: [-0.08  0.06  0.48], Distance: 3.2078008457991505, Score:0.5051227583185375
now trying.....
(1, 253968)
Target out of workspace. Nearest point: [-0.08  0.06  0.48], Distance: 3.2383387003937747, Score:0.5056938453918245
now trying.....
(1, 253968)
Target out of workspace. Nearest point: [-0.08  0.06  0.48], Distance: 3.2688776316384716, Score:0.506512416105717
now trying.....
(1, 253968)
Target out of workspace. Nearest point: [-0.08  0.06  0.48], Distance: 3.299417609637289, Score:0.5073171959544495
now trying.....
(1, 253968)
Target out of workspace. Nearest point: [-0.08  0.06  0.48], Distance: 3.3299586055900074, Score:0.5081085270135005
now trying.....
(1, 253968)
Target out of workspace. Nearest point: [-0.08  0.06  0.48], Distance: 3.3605005917424333, Score:0.508886740249994
now trying.....
(1, 253968)
Target out of workspace. Nearest point: [-0.08  0.06  0.48], Distance: 3.3910435413393833, Score:0.5096521559654938
now trying.....
(1, 253968)
Target out of workspace. Nearest point: [-0.08  0.06  0.48], Distance: 3.421587428580168, Score:0.510405084218001
now trying.....
(1, 253968)
Target out of workspace. Nearest point: [-0.08  0.06  0.48], Distance: 3.452132228576441, Score:0.5111458252242734
now trying.....
(1, 253968)
Target out of workspace. Nearest point: [-0.08  0.06  0.48], Distance: 3.482677917312258, Score:0.5118746697435154
now trying.....
(1, 253968)
Target out of workspace. Nearest point: [-0.08  0.06  0.48], Distance: 3.513224471606212, Score:0.5125918994434305
now trying.....
(1, 253968)
Target out of workspace. Nearest point: [-0.08  0.06  0.48], Distance: 3.543771869075526, Score:0.5132977872495631
now trying.....
(1, 253968)
Target out of workspace. Nearest point: [-0.08  0.06  0.48], Distance: 3.5743200881019805, Score:0.5139925976788035
now trying.....
(1, 253968)
Target out of workspace. Nearest point: [-0.08  0.06  0.48], Distance: 3.604780561129475, Score:0.5144296166322978
now trying.....
(1, 253968)
Target out of workspace. Nearest point: [-0.08  0.06  0.48], Distance: 3.635241633727327, Score:0.5151096187285598
now trying.....
(1, 253968)
Target out of workspace. Nearest point: [-0.08  0.06  0.48], Distance: 3.665703290948697, Score:0.5157791061194605
now trying.....
(1, 253968)
Target out of workspace. Nearest point: [-0.08  0.06  0.48], Distance: 3.6961655183392015, Score:0.5164383183958647
now trying.....
(1, 253968)
Target out of workspace. Nearest point: [-0.08  0.06  0.48], Distance: 3.7266283019167985, Score:0.5170874879930818
now trying.....
(1, 253968)
Target out of workspace. Nearest point: [-0.08  0.06  0.48], Distance: 3.7570916281526685, Score:0.5177268404535682
now trying.....
(1, 253968)
Target out of workspace. Nearest point: [-0.08  0.06  0.48], Distance: 3.7875554839530015, Score:0.5183565946782468
now trying.....
(1, 253968)
Target out of workspace. Nearest point: [-0.08  0.06  0.48], Distance: 3.8180198566416657, Score:0.5189769631670055
now trying.....
(1, 253968)
Target out of workspace. Nearest point: [-0.08  0.06  0.48], Distance: 3.848484733943689, Score:0.5195881522489153
now trying.....
(1, 253968)
Target out of workspace. Nearest point: [-0.08  0.06  0.48], Distance: 3.878950103969528, Score:0.5201903623026688
now trying.....
(1, 253968)
Target out of workspace. Nearest point: [-0.08  0.06  0.48], Distance: 3.9094159552000605, Score:0.520783787967715
now trying.....
(1, 253968)
Target out of workspace. Nearest point: [-0.08  0.06  0.48], Distance: 3.9398822764722787, Score:0.5213686183465465
now trying.....
(1, 253968)
Target out of workspace. Nearest point: [-0.08  0.06  0.48], Distance: 3.9703490569656434, Score:0.5219450371985596
now trying.....
(1, 253968)
Target out of workspace. Nearest point: [-0.08  0.06  0.48], Distance: 4.000865134326128, Score:0.5222888754032248
now trying.....
(1, 253968)
Target out of workspace. Nearest point: [-0.08  0.06  0.48], Distance: 4.031381586005583, Score:0.5228575990855745
now trying.....
(1, 253968)
Target out of workspace. Nearest point: [-0.08  0.06  0.48], Distance: 4.061898403567395, Score:0.5234182088575479
now trying.....
(1, 253968)
Target out of workspace. Nearest point: [-0.08  0.06  0.48], Distance: 4.092415578826496, Score:0.5239708753157144
now trying.....
(1, 253968)
Target out of workspace. Nearest point: [-0.08  0.06  0.48], Distance: 4.122933103840063, Score:0.5245157643540993
now trying.....
(1, 253968)
Target out of workspace. Nearest point: [-0.08  0.06  0.48], Distance: 4.153450970898624, Score:0.5250530373236066
now trying.....
(1, 253968)
Target out of workspace. Nearest point: [-0.08  0.06  0.48], Distance: 4.183969172517548, Score:0.5255828511850592
now trying.....
(1, 253968)
Target out of workspace. Nearest point: [-0.08  0.06  0.48], Distance: 4.214487701428922, Score:0.5261053586561483
now trying.....
(1, 253968)
Target out of workspace. Nearest point: [-0.08  0.06  0.48], Distance: 4.2450065505737555, Score:0.5266207083525714
now trying.....
(1, 253968)
Target out of workspace. Nearest point: [-0.08  0.06  0.48], Distance: 4.275525713094537, Score:0.5271290449236218
now trying.....
(1, 253968)
Target out of workspace. Nearest point: [-0.08  0.06  0.48], Distance: 4.306045182328097, Score:0.5276305091824828
now trying.....
(1, 253968)
Target out of workspace. Nearest point: [-0.08  0.06  0.48], Distance: 4.3365649517987706, Score:0.5281252382314598
now trying.....
(1, 253968)
Target out of workspace. Nearest point: [-0.08  0.06  0.48], Distance: 4.366995669750224, Score:0.528438890243016
now trying.....
(1, 253968)
Target out of workspace. Nearest point: [-0.08  0.06  0.48], Distance: 4.397426699567027, Score:0.5289253675864627
now trying.....
(1, 253968)
Target out of workspace. Nearest point: [-0.08  0.06  0.48], Distance: 4.427858034819171, Score:0.5294053906507211
now trying.....
(1, 253968)
Target out of workspace. Nearest point: [-0.08  0.06  0.48], Distance: 4.4582896692521485, Score:0.5298790855689031
now trying.....
(1, 253968)
Target out of workspace. Nearest point: [-0.08  0.06  0.48], Distance: 4.4887215967810015, Score:0.5303465752433227
now trying.....
(1, 253968)
Target out of workspace. Nearest point: [-0.08  0.06  0.48], Distance: 4.519153811484615, Score:0.5308079794472619
now trying.....
(1, 253968)
Target out of workspace. Nearest point: [-0.08  0.06  0.48], Distance: 4.549586307600249, Score:0.5312634149229474
now trying.....
(1, 253968)
Target out of workspace. Nearest point: [-0.08  0.06  0.48], Distance: 4.580019079518273, Score:0.5317129954759048
now trying.....
(1, 253968)
Target out of workspace. Nearest point: [-0.08  0.06  0.48], Distance: 4.61045212177712, Score:0.5321568320658405
now trying.....
(1, 253968)
Target out of workspace. Nearest point: [-0.08  0.06  0.48], Distance: 4.640885429058435, Score:0.5325950328942025
now trying.....
(1, 253968)
Target out of workspace. Nearest point: [-0.08  0.06  0.48], Distance: 4.671318996182409, Score:0.5330277034885561
now trying.....
(1, 253968)
Target out of workspace. Nearest point: [-0.08  0.06  0.48], Distance: 4.701752818103306, Score:0.5334549467839084
now trying.....
(1, 253968)
Target out of workspace. Nearest point: [-0.08  0.06  0.48], Distance: 4.732186889905144, Score:0.5338768632011093
now trying.....
(1, 253968)
Target out of workspace. Nearest point: [-0.08  0.07  0.48], Distance: 4.754164132207484, Score:0.5339447217723713
now trying.....
(1, 253968)
Target out of workspace. Nearest point: [-0.08  0.07  0.48], Distance: 4.784535569121636, Score:0.5343712818352635
now trying.....
(1, 253968)
Target out of workspace. Nearest point: [-0.08  0.07  0.48], Distance: 4.814907393544768, Score:0.5347925581028745
now trying.....
(1, 253968)
Target out of workspace. Nearest point: [-0.08  0.07  0.48], Distance: 4.84527959818977, Score:0.5352086467662761
now trying.....
(1, 253968)
Target out of workspace. Nearest point: [-0.08  0.07  0.48], Distance: 4.875652175951028, Score:0.5356196417255311
now trying.....
(1, 253968)
Target out of workspace. Nearest point: [-0.08  0.07  0.48], Distance: 4.906025119898792, Score:0.5360256346566884
now trying.....
(1, 253968)
Target out of workspace. Nearest point: [-0.08  0.07  0.48], Distance: 4.9363984232737845, Score:0.5364267150764656
now trying.....
(1, 253968)
Target out of workspace. Nearest point: [-0.08  0.07  0.48], Distance: 4.966772079481992, Score:0.5368229704047154
now trying.....
(1, 253968)
Target out of workspace. Nearest point: [-0.08  0.07  0.48], Distance: 4.99714608208964, Score:0.537214486024757
now trying.....
(1, 253968)
Target out of workspace. Nearest point: [-0.08  0.07  0.48], Distance: 5.027520424818362, Score:0.5376013453416602
now trying.....
(1, 253968)
Target out of workspace. Nearest point: [-0.08  0.07  0.48], Distance: 5.057895101540537, Score:0.5379836298385618
now trying.....
(1, 253968)
Target out of workspace. Nearest point: [-0.08  0.07  0.48], Distance: 5.088270106274796, Score:0.5383614191310885
now trying.....
(1, 253968)
Target out of workspace. Nearest point: [-0.08  0.07  0.48], Distance: 5.118557911695549, Score:0.5384457324444412
now trying.....
(1, 253968)
Target out of workspace. Nearest point: [-0.08  0.07  0.48], Distance: 5.14884620243725, Score:0.5388185338479292
now trying.....
(1, 253968)
Target out of workspace. Nearest point: [-0.08  0.07  0.48], Distance: 5.179134969985227, Score:0.539186997474044
now trying.....
(1, 253968)
Target out of workspace. Nearest point: [-0.08  0.07  0.48], Distance: 5.2094242060227005, Score:0.5395511974069533
now trying.....
(1, 253968)
Target out of workspace. Nearest point: [-0.08  0.07  0.48], Distance: 5.239713902425077, Score:0.5399112060771443
now trying.....
(1, 253968)
Target out of workspace. Nearest point: [-0.08  0.07  0.48], Distance: 5.270004051254422, Score:0.5402670943067072
now trying.....
(1, 253968)
Target out of workspace. Nearest point: [-0.08  0.07  0.48], Distance: 5.300294644754138, Score:0.5406189313531564
now trying.....
(1, 253968)
Target out of workspace. Nearest point: [-0.08  0.07  0.48], Distance: 5.330585675343825, Score:0.5409667849518465
now trying.....
(1, 253968)
Target out of workspace. Nearest point: [-0.08  0.07  0.48], Distance: 5.360877135614299, Score:0.5413107213570278
now trying.....
(1, 253968)
Target out of workspace. Nearest point: [-0.08  0.07  0.48], Distance: 5.391169018322793, Score:0.5416508053816025
now trying.....
(1, 253968)
Target out of workspace. Nearest point: [-0.08  0.07  0.48], Distance: 5.421461316388315, Score:0.5419871004356163
now trying.....
(1, 253968)
Target out of workspace. Nearest point: [-0.08  0.07  0.48], Distance: 5.451754022887158, Score:0.5423196685635425
now trying.....
(1, 253968)
Target out of workspace. Nearest point: [-0.08  0.07  0.48], Distance: 5.482047131048555, Score:0.5426485704803932
now trying.....
(1, 253968)
Target out of workspace. Nearest point: [-0.08  0.07  0.48], Distance: 5.5123640346453175, Score:0.5426355618301032
now trying.....
(1, 253968)
Target out of workspace. Nearest point: [-0.08  0.07  0.48], Distance: 5.5426816338181215, Score:0.542963468382396
now trying.....
(1, 253968)
Target out of workspace. Nearest point: [-0.08  0.07  0.48], Distance: 5.572999917214986, Score:0.5432877700157694
now trying.....
(1, 253968)
Target out of workspace. Nearest point: [-0.08  0.07  0.48], Distance: 5.603318873729367, Score:0.543608524736978
now trying.....
(1, 253968)
Target out of workspace. Nearest point: [-0.08  0.07  0.48], Distance: 5.6336384924935725, Score:0.5439257893357028
now trying.....
(1, 253968)
Target out of workspace. Nearest point: [-0.08  0.07  0.48], Distance: 5.663958762872375, Score:0.5442396194158142
now trying.....
(1, 253968)
Target out of workspace. Nearest point: [-0.08  0.07  0.48], Distance: 5.694279674456839, Score:0.5445500694256907
now trying.....
(1, 253968)
Target out of workspace. Nearest point: [-0.08  0.07  0.48], Distance: 5.724601217058336, Score:0.5448571926876234
now trying.....
(1, 253968)
Target out of workspace. Nearest point: [-0.08  0.07  0.48], Distance: 5.7549233807027615, Score:0.5451610414263415
now trying.....
(1, 253968)
Target out of workspace. Nearest point: [-0.08  0.07  0.48], Distance: 5.785246155624911, Score:0.5454616667966871
now trying.....
(1, 253968)
Target out of workspace. Nearest point: [-0.08  0.07  0.48], Distance: 5.815569532263055, Score:0.5457591189104692
now trying.....
(1, 253968)
Target out of workspace. Nearest point: [-0.08  0.07  0.48], Distance: 5.845893501253665, Score:0.5460534468625228
now trying.....
(1, 253968)
Target out of workspace. Nearest point: [-0.08  0.07  0.48], Distance: 5.876160217062863, Score:0.5460550399459193
now trying.....
(1, 253968)
Target out of workspace. Nearest point: [-0.08  0.07  0.48], Distance: 5.906427929399013, Score:0.5463485684398082
now trying.....
(1, 253968)
Target out of workspace. Nearest point: [-0.08  0.07  0.48], Distance: 5.936696623020005, Score:0.5466390264116967
now trying.....
(1, 253968)
Target out of workspace. Nearest point: [-0.08  0.07  0.48], Distance: 5.96696628299252, Score:0.5469264606906955
now trying.....
(1, 253968)
Target out of workspace. Nearest point: [-0.08  0.07  0.48], Distance: 5.99723689468425, Score:0.5472109171776627
now trying.....
(1, 253968)
Target out of workspace. Nearest point: [-0.08  0.07  0.48], Distance: 6.0275084437563775, Score:0.5474924408676644
now trying.....
(1, 253968)
Target out of workspace. Nearest point: [-0.08  0.07  0.48], Distance: 6.05778091615625, Score:0.5477710758717983
now trying.....
(1, 253968)
Target out of workspace. Nearest point: [-0.08  0.07  0.48], Distance: 6.0880542981103, Score:0.5480468654383988
now trying.....
(1, 253968)
Target out of workspace. Nearest point: [-0.08  0.07  0.48], Distance: 6.118328576117151, Score:0.5483198519736461
now trying.....
(1, 253968)
Target out of workspace. Nearest point: [-0.08  0.07  0.48], Distance: 6.148603736940945, Score:0.5485900770615979
now trying.....
(1, 253968)
Target out of workspace. Nearest point: [-0.08  0.07  0.48], Distance: 6.178879767604853, Score:0.5488575814836611
now trying.....
(1, 253968)
Target out of workspace. Nearest point: [-0.08  0.07  0.48], Distance: 6.209156655384773, Score:0.5491224052375226
now trying.....
(1, 253968)
Target out of workspace. Nearest point: [-0.08  0.07  0.48], Distance: 6.23943438780323, Score:0.5493845875555547
now trying.....
(1, 253968)
Target out of workspace. Nearest point: [-0.08  0.07  0.48], Distance: 6.269741304929257, Score:0.5494590527268148
now trying.....
(1, 253968)
Target out of workspace. Nearest point: [-0.08  0.07  0.48], Distance: 6.300049490422323, Score:0.5497210472434568
now trying.....
(1, 253968)
Target out of workspace. Nearest point: [-0.08  0.07  0.48], Distance: 6.330358926064551, Score:0.5499804341252088
now trying.....
(1, 253968)
Target out of workspace. Nearest point: [-0.08  0.07  0.48], Distance: 6.360669593984558, Score:0.550237251082742
now trying.....
(1, 253968)
Target out of workspace. Nearest point: [-0.08  0.07  0.48], Distance: 6.390981476649282, Score:0.5504915351199013
now trying.....
(1, 253968)
Target out of workspace. Nearest point: [-0.08  0.07  0.48], Distance: 6.421294556856024, Score:0.5507433225498339
now trying.....
(1, 253968)
Target out of workspace. Nearest point: [-0.08  0.07  0.48], Distance: 6.45160881772472, Score:0.5509926490106911
now trying.....
(1, 253968)
Target out of workspace. Nearest point: [-0.08  0.07  0.48], Distance: 6.481924242690431, Score:0.5512395494809108
now trying.....
(1, 253968)
Target out of workspace. Nearest point: [-0.08  0.07  0.48], Distance: 6.512240815496036, Score:0.5514840582940956
now trying.....
(1, 253968)
Target out of workspace. Nearest point: [-0.08  0.07  0.48], Distance: 6.54255852018513, Score:0.5517262091534965
now trying.....
(1, 253968)
Target out of workspace. Nearest point: [-0.08  0.07  0.48], Distance: 6.572877341095115, Score:0.5519660351461173
now trying.....
(1, 253968)
Target out of workspace. Nearest point: [-0.08  0.07  0.48], Distance: 6.603197262850486, Score:0.5522035687564497
now trying.....
(1, 253968)
Target out of workspace. Nearest point: [-0.08  0.07  0.48], Distance: 6.633466693089642, Score:0.5523171959564356
now trying.....
(1, 253968)
Target out of workspace. Nearest point: [-0.08  0.07  0.48], Distance: 6.66373774578075, Score:0.5525546207677404
now trying.....
(1, 253968)
Target out of workspace. Nearest point: [-0.08  0.07  0.48], Distance: 6.694010398913091, Score:0.552789784078509
now trying.....
(1, 253968)
Target out of workspace. Nearest point: [-0.08  0.07  0.48], Distance: 6.724284630871159, Score:0.5530227170467013
now trying.....
(1, 253968)
Target out of workspace. Nearest point: [-0.08  0.07  0.48], Distance: 6.754560420425857, Score:0.553253450275977
now trying.....
(1, 253968)
Target out of workspace. Nearest point: [-0.08  0.07  0.48], Distance: 6.784837746725931, Score:0.553482013827661
now trying.....
(1, 253968)
Target out of workspace. Nearest point: [-0.08  0.07  0.48], Distance: 6.815116589289613, Score:0.5537084372324057
now trying.....
(1, 253968)
Target out of workspace. Nearest point: [-0.08  0.07  0.48], Distance: 6.845396927996505, Score:0.5539327495015642
now trying.....
(1, 253968)
Target out of workspace. Nearest point: [-0.08  0.07  0.48], Distance: 6.875678743079657, Score:0.5541549791382763
now trying.....
(1, 253968)
Target out of workspace. Nearest point: [-0.08  0.07  0.48], Distance: 6.905962015117875, Score:0.5543751541482798
now trying.....
(1, 253968)
Target out of workspace. Nearest point: [-0.08  0.07  0.48], Distance: 6.936246725028198, Score:0.5545933020504535
now trying.....
(1, 253968)
Target out of workspace. Nearest point: [-0.08  0.07  0.48], Distance: 6.9665328540586025, Score:0.5548094498870992
now trying.....
(1, 253968)
Target out of workspace. Nearest point: [-0.08  0.07  0.48], Distance: 6.996820383780862, Score:0.5550236242339689
now trying.....
(1, 253968)
Target out of workspace. Nearest point: [-0.07  0.07  0.48], Distance: 7.021565823857533, Score:0.5550162958259974
now trying.....
(1, 253968)
Target out of workspace. Nearest point: [-0.07  0.07  0.48], Distance: 7.051943613125706, Score:0.5552336091056718
now trying.....
(1, 253968)
Target out of workspace. Nearest point: [-0.07  0.07  0.48], Distance: 7.0823234116104015, Score:0.555448942104741
now trying.....
(1, 253968)
Target out of workspace. Nearest point: [-0.07  0.07  0.48], Distance: 7.112705193566309, Score:0.5556623208154586
now trying.....
(1, 253968)
Target out of workspace. Nearest point: [-0.07  0.07  0.48], Distance: 7.143088933684466, Score:0.5558737707911693
now trying.....
(1, 253968)
Target out of workspace. Nearest point: [-0.07  0.07  0.48], Distance: 7.173474607083085, Score:0.5560833171552705
now trying.....
(1, 253968)
Target out of workspace. Nearest point: [-0.07  0.07  0.48], Distance: 7.20386218929861, Score:0.5562909846099596
now trying.....
(1, 253968)
Target out of workspace. Nearest point: [-0.07  0.07  0.48], Distance: 7.2342516562769985, Score:0.5564967974447758
now trying.....
(1, 253968)
Target out of workspace. Nearest point: [-0.07  0.07  0.48], Distance: 7.264642984365222, Score:0.556700779544939
now trying.....
(1, 253968)
Target out of workspace. Nearest point: [-0.07  0.07  0.48], Distance: 7.29503615030297, Score:0.5569029543994942
now trying.....
(1, 253968)
Target out of workspace. Nearest point: [-0.07  0.07  0.48], Distance: 7.325431131214567, Score:0.5571033451092658
now trying.....
(1, 253968)
Target out of workspace. Nearest point: [-0.07  0.07  0.48], Distance: 7.3558279046010755, Score:0.5573019743946235
now trying.....
(1, 253968)
Target out of workspace. Nearest point: [-0.07  0.07  0.48], Distance: 7.386181869197351, Score:0.5572760261678957
now trying.....
(1, 253968)
Target out of workspace. Nearest point: [-0.07  0.07  0.48], Distance: 7.416538245543637, Score:0.5574748243919339
now trying.....
(1, 253968)
Target out of workspace. Nearest point: [-0.07  0.07  0.48], Distance: 7.446897004146311, Score:0.5576718812784627
now trying.....
(1, 253968)
Target out of workspace. Nearest point: [-0.07  0.07  0.48], Distance: 7.477258115988449, Score:0.5578672186902855
now trying.....
(1, 253968)
Target out of workspace. Nearest point: [-0.07  0.07  0.48], Distance: 7.507621552520273, Score:0.5580608581385245
now trying.....
(1, 253968)
Target out of workspace. Nearest point: [-0.07  0.07  0.48], Distance: 7.537987285649847, Score:0.5582528207894333
now trying.....
(1, 253968)
Target out of workspace. Nearest point: [-0.07  0.07  0.48], Distance: 7.568355287733958, Score:0.5584431274710555
now trying.....
(1, 253968)
Target out of workspace. Nearest point: [-0.07  0.07  0.48], Distance: 7.598725531569249, Score:0.5586317986797351
now trying.....
(1, 253968)
Target out of workspace. Nearest point: [-0.07  0.07  0.48], Distance: 7.629097990383541, Score:0.5588188545864834
now trying.....
(1, 253968)
Target out of workspace. Nearest point: [-0.07  0.07  0.48], Distance: 7.659472637827358, Score:0.5590043150432018
now trying.....
(1, 253968)
Target out of workspace. Nearest point: [-0.07  0.07  0.48], Distance: 7.689849447965663, Score:0.5591881995887698
now trying.....
(1, 253968)
Target out of workspace. Nearest point: [-0.07  0.07  0.48], Distance: 7.720228395269769, Score:0.5593705274549952
now trying.....
(1, 253968)
Target out of workspace. Nearest point: [-0.07  0.07  0.48], Distance: 7.750609454609452, Score:0.5595513175724363
now trying.....
(1, 253968)
Target out of workspace. Nearest point: [-0.07  0.08  0.48], Distance: 7.77296440321787, Score:0.5595035799540149
now trying.....
(1, 253968)
Target out of workspace. Nearest point: [-0.07  0.08  0.48], Distance: 7.80351052482912, Score:0.5596895495920274
now trying.....
(1, 253968)
Target out of workspace. Nearest point: [-0.07  0.08  0.48], Distance: 7.8340594782364, Score:0.5598739461304021
now trying.....
(1, 253968)
Target out of workspace. Nearest point: [-0.07  0.08  0.48], Distance: 7.864611230440592, Score:0.5600567885372408
now trying.....
(1, 253968)
Target out of workspace. Nearest point: [-0.07  0.08  0.48], Distance: 7.895165748950367, Score:0.5602380954890169
now trying.....
(1, 253968)
Target out of workspace. Nearest point: [-0.07  0.08  0.48], Distance: 7.925723001772502, Score:0.5604178853759485
now trying.....
(1, 253968)
Target out of workspace. Nearest point: [-0.07  0.08  0.48], Distance: 7.956282957402435, Score:0.5605961763072569
now trying.....
(1, 253968)
Target out of workspace. Nearest point: [-0.07  0.08  0.48], Distance: 7.986845584815019, Score:0.5607729861163141
now trying.....
(1, 253968)
Target out of workspace. Nearest point: [-0.07  0.08  0.48], Distance: 8.01741085345549, Score:0.5609483323656823
now trying.....
(1, 253968)
Target out of workspace. Nearest point: [-0.07  0.08  0.48], Distance: 8.047978733230636, Score:0.5611222323520482
now trying.....
(1, 253968)
Target out of workspace. Nearest point: [-0.07  0.08  0.48], Distance: 8.07854919450017, Score:0.561294703111051
now trying.....
(1, 253968)
Target out of workspace. Nearest point: [-0.07  0.08  0.48], Distance: 8.109122208068271, Score:0.5614657614220132
now trying.....
(1, 253968)
Target out of workspace. Nearest point: [-0.07  0.08  0.48], Distance: 8.139720689981491, Score:0.5612932961401239
now trying.....
(1, 253968)
Target out of workspace. Nearest point: [-0.07  0.08  0.48], Distance: 8.170322518508035, Score:0.5614654333564211
now trying.....
(1, 253968)
Target out of workspace. Nearest point: [-0.07  0.08  0.48], Distance: 8.200927656184158, Score:0.5616361615600904
now trying.....
(1, 253968)
Target out of workspace. Nearest point: [-0.07  0.08  0.48], Distance: 8.231536066099261, Score:0.5618054970907578
now trying.....
(1, 253968)
Target out of workspace. Nearest point: [-0.07  0.08  0.48], Distance: 8.262147711885792, Score:0.5619734560477259
now trying.....
(1, 253968)
Target out of workspace. Nearest point: [-0.07  0.08  0.48], Distance: 8.292762557709363, Score:0.5621400542941855
now trying.....
(1, 253968)
Target out of workspace. Nearest point: [-0.07  0.08  0.48], Distance: 8.323380568259093, Score:0.5623053074613437
now trying.....
(1, 253968)
Target out of workspace. Nearest point: [-0.07  0.08  0.48], Distance: 8.35400170873814, Score:0.5624692309524698
now trying.....
(1, 253968)
Target out of workspace. Nearest point: [-0.07  0.08  0.48], Distance: 8.384625944854458, Score:0.5626318399468595
now trying.....
(1, 253968)
Target out of workspace. Nearest point: [-0.07  0.08  0.48], Distance: 8.415253242811723, Score:0.5627931494037208
now trying.....
(1, 253968)
Target out of workspace. Nearest point: [-0.07  0.08  0.48], Distance: 8.445883569300486, Score:0.5629531740659833
now trying.....
(1, 253968)
Target out of workspace. Nearest point: [-0.07  0.08  0.48], Distance: 8.476516891489489, Score:0.5631119284640315
now trying.....
(1, 253968)
Target out of workspace. Nearest point: [-0.07  0.08  0.48], Distance: 8.507153177017171, Score:0.5632694269193642
now trying.....
(1, 253968)
Target out of workspace. Nearest point: [-0.07  0.08  0.48], Distance: 8.537821090352038, Score:0.5631894021429624
now trying.....
(1, 253968)
Target out of workspace. Nearest point: [-0.07  0.08  0.48], Distance: 8.568492795380457, Score:0.5633480094675112
now trying.....
(1, 253968)
Target out of workspace. Nearest point: [-0.07  0.08  0.48], Distance: 8.599168251529536, Score:0.5635053624730382
now trying.....
(1, 253968)
Target out of workspace. Nearest point: [-0.07  0.08  0.48], Distance: 8.629847418798333, Score:0.5636614751288265
now trying.....
(1, 253968)
Target out of workspace. Nearest point: [-0.07  0.08  0.48], Distance: 8.660530257747903, Score:0.5638163612078699
now trying.....
(1, 253968)
Target out of workspace. Nearest point: [-0.07  0.08  0.48], Distance: 8.691216729491543, Score:0.5639700342901411
now trying.....
(1, 253968)
Target out of workspace. Nearest point: [-0.07  0.08  0.48], Distance: 8.721906795685241, Score:0.5641225077657985
now trying.....
(1, 253968)
Target out of workspace. Nearest point: [-0.07  0.08  0.48], Distance: 8.752600418518321, Score:0.5642737948383333
now trying.....
(1, 253968)
Target out of workspace. Nearest point: [-0.07  0.08  0.48], Distance: 8.783297560704282, Score:0.5644239085276552
now trying.....
(1, 253968)
Target out of workspace. Nearest point: [-0.07  0.08  0.48], Distance: 8.813998185471819, Score:0.5645728616731238
now trying.....
(1, 253968)
Target out of workspace. Nearest point: [-0.07  0.08  0.48], Distance: 8.844702256556026, Score:0.5647206669365187
now trying.....
(1, 253968)
Target out of workspace. Nearest point: [-0.07  0.08  0.48], Distance: 8.875409738189779, Score:0.5648673368049576
now trying.....
(1, 253968)
Target out of workspace. Nearest point: [-0.07  0.09  0.48], Distance: 8.898165448456448, Score:0.5647123106178688
now trying.....
(1, 253968)
Target out of workspace. Nearest point: [-0.07  0.09  0.48], Distance: 8.928978415033308, Score:0.564863289135105
now trying.....
(1, 253968)
Target out of workspace. Nearest point: [-0.07  0.09  0.48], Distance: 8.959795696563473, Score:0.5650131067503192
now trying.....
(1, 253968)
Target out of workspace. Nearest point: [-0.07  0.09  0.48], Distance: 8.990617248675642, Score:0.5651617759459522
now trying.....
(1, 253968)
Target out of workspace. Nearest point: [-0.07  0.09  0.48], Distance: 9.021443027598776, Score:0.5653093090361941
now trying.....
(1, 253968)
Target out of workspace. Nearest point: [-0.07  0.09  0.48], Distance: 9.052272990152096, Score:0.5654557181696553
now trying.....
(1, 253968)
Target out of workspace. Nearest point: [-0.07  0.09  0.48], Distance: 9.08310709373526, Score:0.5656010153319843
now trying.....
(1, 253968)
Target out of workspace. Nearest point: [-0.07  0.09  0.48], Distance: 9.113945296318736, Score:0.5657452123484413
now trying.....
(1, 253968)
Target out of workspace. Nearest point: [-0.07  0.09  0.48], Distance: 9.144787556434379, Score:0.5658883208864284
now trying.....
(1, 253968)
Target out of workspace. Nearest point: [-0.07  0.09  0.48], Distance: 9.175633833166167, Score:0.5660303524579692
now trying.....
(1, 253968)
Target out of workspace. Nearest point: [-0.07  0.09  0.48], Distance: 9.20648408614115, Score:0.5661713184221513
now trying.....
(1, 253968)
Target out of workspace. Nearest point: [-0.07  0.09  0.48], Distance: 9.237338275520546, Score:0.5663112299875207
now trying.....
(1, 253968)
Target out of workspace. Nearest point: [-0.07  0.09  0.48], Distance: 9.268196361991015, Score:0.566450098214435
now trying.....
(1, 253968)
Target out of workspace. Nearest point: [-0.07  0.09  0.48], Distance: 9.299099347301956, Score:0.5663091759281345
now trying.....
(1, 253968)
Target out of workspace. Nearest point: [-0.07  0.09  0.48], Distance: 9.330007124196626, Score:0.5664491602629409
now trying.....
(1, 253968)
Target out of workspace. Nearest point: [-0.07  0.09  0.48], Distance: 9.360919645212642, Score:0.5665881010294413
now trying.....
(1, 253968)
Target out of workspace. Nearest point: [-0.07  0.09  0.48], Distance: 9.391836863505251, Score:0.5667260090400981
now trying.....
(1, 253968)
Target out of workspace. Nearest point: [-0.07  0.09  0.48], Distance: 9.422758732837444, Score:0.5668628949677084
now trying.....
(1, 253968)
Target out of workspace. Nearest point: [-0.07  0.09  0.48], Distance: 9.453685207570246, Score:0.5669987693475129
now trying.....
(1, 253968)
Target out of workspace. Nearest point: [-0.07  0.09  0.48], Distance: 9.484616242653185, Score:0.5671336425792701
now trying.....
(1, 253968)
Target out of workspace. Nearest point: [-0.07  0.09  0.48], Distance: 9.515551793614957, Score:0.5672675249292936
now trying.....
(1, 253968)
Target out of workspace. Nearest point: [-0.07  0.09  0.48], Distance: 9.546491816554235, Score:0.5674004265324566
now trying.....
(1, 253968)
Target out of workspace. Nearest point: [-0.07  0.09  0.48], Distance: 9.577436268130691, Score:0.5675323573941631
now trying.....
(1, 253968)
Target out of workspace. Nearest point: [-0.07  0.09  0.48], Distance: 9.608385105556152, Score:0.5676633273922851
now trying.....
(1, 253968)
Target out of workspace. Nearest point: [-0.07  0.09  0.48], Distance: 9.639338286585936, Score:0.5677933462790692
now trying.....
(1, 253968)
Target out of workspace. Nearest point: [-0.07  0.1   0.48], Distance: 9.662461126602777, Score:0.5676443635412867
now trying.....
(1, 253968)
Target out of workspace. Nearest point: [-0.07  0.1   0.48], Distance: 9.693536299628592, Score:0.5677782732605668
now trying.....
(1, 253968)
Target out of workspace. Nearest point: [-0.07  0.1   0.48], Distance: 9.724616777093306, Score:0.5679112095909747
now trying.....
(1, 253968)
Target out of workspace. Nearest point: [-0.07  0.1   0.48], Distance: 9.755702508299029, Score:0.5680431822962151
now trying.....
(1, 253968)
Target out of workspace. Nearest point: [-0.07  0.1   0.48], Distance: 9.78679344318349, Score:0.5681742010187308
now trying.....
(1, 253968)
Target out of workspace. Nearest point: [-0.07  0.1   0.48], Distance: 9.817889532310229, Score:0.5683042752814483
now trying.....
(1, 253968)
Target out of workspace. Nearest point: [-0.07  0.1   0.48], Distance: 9.848990726858977, Score:0.5684334144894937
now trying.....
(1, 253968)
Target out of workspace. Nearest point: [-0.07  0.1   0.48], Distance: 9.880096978616228, Score:0.568561627931886
now trying.....
(1, 253968)
Target out of workspace. Nearest point: [-0.07  0.1   0.48], Distance: 9.911208239965948, Score:0.5686889247831992
now trying.....
(1, 253968)
Target out of workspace. Nearest point: [-0.07  0.1   0.48], Distance: 9.94232446388048, Score:0.5688153141052005
now trying.....
(1, 253968)
Target out of workspace. Nearest point: [-0.07  0.1   0.48], Distance: 9.973445603911603, Score:0.5689408048484634
now trying.....
(1, 253968)
Target out of workspace. Nearest point: [-0.07  0.1   0.48], Distance: 10.004571614181742, Score:0.5690654058539525
now trying.....
(1, 253968)
Target out of workspace. Nearest point: [-0.07  0.1   0.48], Distance: 10.035702449375353, Score:0.5691891258545864
now trying.....
(1, 253968)
Target out of workspace. Nearest point: [-0.07  0.1   0.48], Distance: 10.066875058611792, Score:0.5689726914260489
now trying.....
(1, 253968)
Target out of workspace. Nearest point: [-0.07  0.1   0.48], Distance: 10.09805364904554, Score:0.5690979821454358
now trying.....
(1, 253968)
Target out of workspace. Nearest point: [-0.07  0.1   0.48], Distance: 10.129238165444805, Score:0.5692223865256685
now trying.....
(1, 253968)
Target out of workspace. Nearest point: [-0.07  0.1   0.48], Distance: 10.160428553245447, Score:0.5693459131466176
now trying.....
(1, 253968)
Target out of workspace. Nearest point: [-0.07  0.1   0.48], Distance: 10.191624758541058, Score:0.5694685704861433
now trying.....
(1, 253968)
Target out of workspace. Nearest point: [-0.07  0.1   0.48], Distance: 10.222826728073251, Score:0.5695903669214852
now trying.....
(1, 253968)
Target out of workspace. Nearest point: [-0.07  0.1   0.48], Distance: 10.254034409222086, Score:0.5697113107306342
now trying.....
(1, 253968)
Target out of workspace. Nearest point: [-0.07  0.1   0.48], Distance: 10.285247749996707, Score:0.5698314100936819
now trying.....
(1, 253968)
Target out of workspace. Nearest point: [-0.07  0.1   0.48], Distance: 10.316466699026078, Score:0.5699506730941524
now trying.....
(1, 253968)
Target out of workspace. Nearest point: [-0.07  0.1   0.48], Distance: 10.34769120554995, Score:0.5700691077203119
now trying.....
(1, 253968)
Target out of workspace. Nearest point: [-0.07  0.1   0.48], Distance: 10.378921219409918, Score:0.5701867218664625
now trying.....
(1, 253968)
Target out of workspace. Nearest point: [-0.07  0.1   0.48], Distance: 10.410156691040688, Score:0.5703035233342129
now trying.....
(1, 253968)
Target out of workspace. Nearest point: [-0.07  0.11  0.48], Distance: 10.433616180447098, Score:0.5700769474100875
now trying.....
(1, 253968)
Target out of workspace. Nearest point: [-0.07  0.11  0.48], Distance: 10.464913369178747, Score:0.5701972772246716
now trying.....
(1, 253968)
Target out of workspace. Nearest point: [-0.07  0.11  0.48], Distance: 10.496217129420707, Score:0.5703167763919893
now trying.....
(1, 253968)
Target out of workspace. Nearest point: [-0.07  0.11  0.48], Distance: 10.527527402551524, Score:0.5704354526919105
now trying.....
(1, 253968)
Target out of workspace. Nearest point: [-0.07  0.11  0.48], Distance: 10.558844130632945, Score:0.5705533138155787
now trying.....
(1, 253968)
Target out of workspace. Nearest point: [-0.07  0.11  0.48], Distance: 10.590167256400173, Score:0.5706703673665601
now trying.....
(1, 253968)
Target out of workspace. Nearest point: [-0.07  0.11  0.48], Distance: 10.621496723252282, Score:0.5707866208619733
now trying.....
(1, 253968)
Target out of workspace. Nearest point: [-0.07  0.11  0.48], Distance: 10.652832475242795, Score:0.5709020817336045
now trying.....
(1, 253968)
Target out of workspace. Nearest point: [-0.07  0.11  0.48], Distance: 10.684174457070423, Score:0.5710167573290094
now trying.....
(1, 253968)
Target out of workspace. Nearest point: [-0.07  0.11  0.48], Distance: 10.71552261406996, Score:0.5711306549125966
now trying.....
(1, 253968)
Target out of workspace. Nearest point: [-0.07  0.11  0.48], Distance: 10.746876892203298, Score:0.5712437816666996
now trying.....
(1, 253968)
Target out of workspace. Nearest point: [-0.07  0.11  0.48], Distance: 10.778237238050654, Score:0.5713561446926316
now trying.....
(1, 253968)
Target out of workspace. Nearest point: [-0.07  0.11  0.48], Distance: 10.809603598801873, Score:0.5714677510117269
now trying.....
(1, 253968)
Target out of workspace. Nearest point: [-0.07  0.11  0.48], Distance: 10.841029769343942, Score:0.5712844609653748
now trying.....
(1, 253968)
Target out of workspace. Nearest point: [-0.07  0.11  0.48], Distance: 10.872463180731991, Score:0.5713975674059083
now trying.....
(1, 253968)
Target out of workspace. Nearest point: [-0.07  0.11  0.48], Distance: 10.903903770345005, Score:0.5715099117371739
now trying.....
(1, 253968)
Target out of workspace. Nearest point: [-0.07  0.11  0.48], Distance: 10.935351476267929, Score:0.5716215008675959
now trying.....
(1, 253968)
Target out of workspace. Nearest point: [-0.07  0.11  0.48], Distance: 10.966806237281956, Score:0.5717323416299949
now trying.....
(1, 253968)
Target out of workspace. Nearest point: [-0.07  0.11  0.48], Distance: 10.998267992854947, Score:0.5718424407825143
now trying.....
(1, 253968)
Target out of workspace. Nearest point: [-0.07  0.11  0.48], Distance: 11.02973668313205, Score:0.5719518050095355
now trying.....
(1, 253968)
Target out of workspace. Nearest point: [-0.07  0.11  0.48], Distance: 11.061212248926426, Score:0.572060440922579
now trying.....
(1, 253968)
Target out of workspace. Nearest point: [-0.07  0.11  0.48], Distance: 11.09269463171015, Score:0.5721683550611976
now trying.....
(1, 253968)
Target out of workspace. Nearest point: [-0.07  0.11  0.48], Distance: 11.124183773605253, Score:0.5722755538938556
now trying.....
(1, 253968)
Target out of workspace. Nearest point: [-0.07  0.11  0.48], Distance: 11.155679617374892, Score:0.5723820438187975
now trying.....
(1, 253968)
Target out of workspace. Nearest point: [-0.07  0.11  0.48], Distance: 11.187182106414678, Score:0.5724878311649065
now trying.....
(1, 253968)
Target out of workspace. Nearest point: [-0.07  0.11  0.48], Distance: 11.218753221802261, Score:0.5724261199328402
now trying.....
(1, 253968)
Target out of workspace. Nearest point: [-0.07  0.11  0.48], Distance: 11.250332240485717, Score:0.5725333647629613
now trying.....
(1, 253968)
Target out of workspace. Nearest point: [-0.07  0.11  0.48], Distance: 11.281919096099129, Score:0.5726399016300769
now trying.....
(1, 253968)
Target out of workspace. Nearest point: [-0.07  0.11  0.48], Distance: 11.313513723001355, Score:0.5727457367659534
now trying.....
(1, 253968)
Target out of workspace. Nearest point: [-0.07  0.11  0.48], Distance: 11.345116056266404, Score:0.5728508763367521
now trying.....
(1, 253968)
Target out of workspace. Nearest point: [-0.07  0.11  0.48], Distance: 11.376726031673945, Score:0.5729553264437881
now trying.....
(1, 253968)
Target out of workspace. Nearest point: [-0.07  0.11  0.48], Distance: 11.408343585699958, Score:0.5730590931242854
now trying.....
(1, 253968)
Target out of workspace. Nearest point: [-0.07  0.11  0.48], Distance: 11.439968655507547, Score:0.5731621823521196
now trying.....
(1, 253968)
Target out of workspace. Nearest point: [-0.07  0.11  0.48], Distance: 11.47160117893788, Score:0.5732646000385562
now trying.....
(1, 253968)
Target out of workspace. Nearest point: [-0.07  0.11  0.48], Distance: 11.50324109450127, Score:0.5733663520329755
now trying.....
(1, 253968)
Target out of workspace. Nearest point: [-0.07  0.11  0.48], Distance: 11.534888341368397, Score:0.5734674441235916
now trying.....
(1, 253968)
Target out of workspace. Nearest point: [-0.07  0.11  0.48], Distance: 11.566542859361666, Score:0.5735678820381642
now trying.....
(1, 253968)
Target out of workspace. Nearest point: [-0.07  0.11  0.48], Distance: 11.598204588946693, Score:0.5736676714446991
now trying.....
(1, 253968)
Target out of workspace. Nearest point: [-0.06  0.11  0.48], Distance: 11.623488213868411, Score:0.5737174507729859
now trying.....
(1, 253968)
Target out of workspace. Nearest point: [-0.06  0.11  0.48], Distance: 11.65523019610787, Score:0.5738193364648725
now trying.....
(1, 253968)
Target out of workspace. Nearest point: [-0.06  0.11  0.48], Distance: 11.686980640464485, Score:0.5739205677243724
now trying.....
(1, 253968)
Target out of workspace. Nearest point: [-0.06  0.11  0.48], Distance: 11.718739478157133, Score:0.5740211501146897
now trying.....
(1, 253968)
Target out of workspace. Nearest point: [-0.06  0.11  0.48], Distance: 11.750506641130222, Score:0.5741210891429935
now trying.....
(1, 253968)
Target out of workspace. Nearest point: [-0.06  0.11  0.48], Distance: 11.782282062044361, Score:0.5742203902610294
now trying.....
(1, 253968)
Target out of workspace. Nearest point: [-0.07  0.11  0.48], Distance: 11.820560518252039, Score:0.5743185878421817
now trying.....
(1, 253968)
Target out of workspace. Nearest point: [-0.07  0.11  0.48], Distance: 11.852358531039943, Score:0.5744159512214639
now trying.....
(1, 253968)
Target out of workspace. Nearest point: [-0.07  0.11  0.48], Distance: 11.884164565966415, Score:0.5745126933481381
now trying.....
(1, 253968)
Target out of workspace. Nearest point: [-0.07  0.11  0.48], Distance: 11.91597855879357, Score:0.5746088194790893
now trying.....
(1, 253968)
Target out of workspace. Nearest point: [-0.07  0.11  0.48], Distance: 11.947800445951737, Score:0.5747043348182561
now trying.....
(1, 253968)
Target out of workspace. Nearest point: [-0.07  0.11  0.48], Distance: 11.979630164530995, Score:0.5747992445172161
now trying.....
(1, 253968)
Target out of workspace. Nearest point: [-0.06  0.12  0.48], Distance: 11.997585343453135, Score:0.5745989542352855
now trying.....
(1, 253968)
Target out of workspace. Nearest point: [-0.06  0.12  0.48], Distance: 12.02965180284175, Score:0.574697807522214
now trying.....
(1, 253968)
Target out of workspace. Nearest point: [-0.06  0.12  0.48], Distance: 12.061727358126861, Score:0.5747960355912082
now trying.....
(1, 253968)
Target out of workspace. Nearest point: [-0.06  0.12  0.48], Distance: 12.09381193693528, Score:0.574893643634922
now trying.....
(1, 253968)
Target out of workspace. Nearest point: [-0.06  0.12  0.48], Distance: 12.125905467639543, Score:0.5749906367953684
now trying.....
(1, 253968)
Target out of workspace. Nearest point: [-0.06  0.12  0.48], Distance: 12.158007879348606, Score:0.5750870201644486
now trying.....
(1, 253968)
Target out of workspace. Nearest point: [-0.06  0.12  0.48], Distance: 12.190119101898677, Score:0.5751827987844725
now trying.....
(1, 253968)
Target out of workspace. Nearest point: [-0.06  0.12  0.48], Distance: 12.222239065844166, Score:0.5752779776486773
now trying.....
(1, 253968)
Target out of workspace. Nearest point: [-0.06  0.12  0.48], Distance: 12.25436770244877, Score:0.5753725617017382
now trying.....
(1, 253968)
Target out of workspace. Nearest point: [-0.06  0.12  0.48], Distance: 12.286504943676691, Score:0.5754665558402775
now trying.....
(1, 253968)
Target out of workspace. Nearest point: [-0.06  0.12  0.48], Distance: 12.318650722183985, Score:0.575559964913366
now trying.....
(1, 253968)
Target out of workspace. Nearest point: [-0.06  0.12  0.48], Distance: 12.35080497131002, Score:0.5756527937230209
now trying.....
(1, 253968)
Target out of workspace. Nearest point: [-0.06  0.12  0.48], Distance: 12.382967625069064, Score:0.5757450470246979
now trying.....
(1, 253968)
Target out of workspace. Nearest point: [-0.06  0.13  0.48], Distance: 12.407724651147971, Score:0.575437058931346
now trying.....
(1, 253968)
Target out of workspace. Nearest point: [-0.06  0.13  0.48], Distance: 12.439991920187508, Score:0.5755324953452335
now trying.....
(1, 253968)
Target out of workspace. Nearest point: [-0.06  0.13  0.48], Distance: 12.472269063404454, Score:0.5756273402692129
now trying.....
(1, 253968)
Target out of workspace. Nearest point: [-0.06  0.13  0.48], Distance: 12.504556004336228, Score:0.575721598467428
now trying.....
(1, 253968)
Target out of workspace. Nearest point: [-0.06  0.13  0.48], Distance: 12.536852667284826, Score:0.575815274659532
now trying.....
(1, 253968)
Target out of workspace. Nearest point: [-0.06  0.13  0.48], Distance: 12.569158977307595, Score:0.5759083735211211
now trying.....
(1, 253968)
Target out of workspace. Nearest point: [-0.06  0.13  0.48], Distance: 12.60147486020813, Score:0.5760008996841636
now trying.....
(1, 253968)
Target out of workspace. Nearest point: [-0.06  0.13  0.48], Distance: 12.6338002425273, Score:0.5760928577374255
now trying.....
(1, 253968)
Target out of workspace. Nearest point: [-0.06  0.13  0.48], Distance: 12.666135051534397, Score:0.576184252226892
now trying.....
(1, 253968)
Target out of workspace. Nearest point: [-0.06  0.13  0.48], Distance: 12.6984792152184, Score:0.5762750876561877
now trying.....
(1, 253968)
Target out of workspace. Nearest point: [-0.06  0.13  0.48], Distance: 12.730832662279367, Score:0.5763653684869898
now trying.....
(1, 253968)
Target out of workspace. Nearest point: [-0.06  0.13  0.48], Distance: 12.763195322119948, Score:0.576455099139441
now trying.....
(1, 253968)
Target out of workspace. Nearest point: [-0.06  0.14  0.48], Distance: 12.788170420709395, Score:0.5761358987659848
now trying.....
(1, 253968)
Target out of workspace. Nearest point: [-0.06  0.14  0.48], Distance: 12.820583330839366, Score:0.5762283868688789
now trying.....
(1, 253968)
Target out of workspace. Nearest point: [-0.06  0.14  0.48], Distance: 12.85300682240874, Score:0.5763203127561902
now trying.....
(1, 253968)
Target out of workspace. Nearest point: [-0.06  0.14  0.48], Distance: 12.88544081553965, Score:0.5764116808256243
now trying.....
(1, 253968)
Target out of workspace. Nearest point: [-0.06  0.14  0.48], Distance: 12.917885231130693, Score:0.5765024954355051
now trying.....
(1, 253968)
Target out of workspace. Nearest point: [-0.06  0.14  0.48], Distance: 12.950339990847885, Score:0.5765927609051325
now trying.....
(1, 253968)
Target out of workspace. Nearest point: [-0.06  0.14  0.48], Distance: 12.982805017115657, Score:0.5766824815151377
now trying.....
(1, 253968)
Target out of workspace. Nearest point: [-0.06  0.14  0.48], Distance: 13.015280233108042, Score:0.5767716615078362
now trying.....
(1, 253968)
Target out of workspace. Nearest point: [-0.06  0.14  0.48], Distance: 13.047765562739944, Score:0.576860305087578
now trying.....
(1, 253968)
Target out of workspace. Nearest point: [-0.06  0.14  0.48], Distance: 13.080260930658525, Score:0.5769484164210941
now trying.....
(1, 253968)
Target out of workspace. Nearest point: [-0.06  0.14  0.48], Distance: 13.112766262234727, Score:0.5770359996378436
now trying.....
(1, 253968)
Target out of workspace. Nearest point: [-0.06  0.14  0.48], Distance: 13.145281483554882, Score:0.5771230588303551
now trying.....
(1, 253968)
Target out of workspace. Nearest point: [-0.06  0.14  0.48], Distance: 13.17780652141244, Score:0.5772095980545677
now trying.....
(1, 253968)
Target out of workspace. Nearest point: [-0.06  0.15  0.47], Distance: 13.202914413230273, Score:0.5767914041405982
now trying.....
(1, 253968)
Target out of workspace. Nearest point: [-0.06  0.15  0.47], Distance: 13.235497426186342, Score:0.5768809810225421
now trying.....
(1, 253968)
Target out of workspace. Nearest point: [-0.06  0.15  0.47], Distance: 13.268091898011814, Score:0.5769700239414501
now trying.....
(1, 253968)
Target out of workspace. Nearest point: [-0.06  0.15  0.47], Distance: 13.300697744463948, Score:0.5770585369440915
now trying.....
(1, 253968)
Target out of workspace. Nearest point: [-0.06  0.15  0.47], Distance: 13.33331488209477, Score:0.5771465240426907
now trying.....
(1, 253968)
Target out of workspace. Nearest point: [-0.06  0.15  0.47], Distance: 13.365943228242124, Score:0.5772339892152134
now trying.....
(1, 253968)
Target out of workspace. Nearest point: [-0.06  0.15  0.47], Distance: 13.39858270102077, Score:0.5773209364056537
now trying.....
(1, 253968)
Target out of workspace. Nearest point: [-0.06  0.15  0.47], Distance: 13.431233219313654, Score:0.5774073695243189
now trying.....
(1, 253968)
Target out of workspace. Nearest point: [-0.06  0.15  0.47], Distance: 13.463894702763247, Score:0.577493292448112
now trying.....
(1, 253968)
Target out of workspace. Nearest point: [-0.06  0.15  0.47], Distance: 13.496567071763018, Score:0.5775787090208144
now trying.....
(1, 253968)
Target out of workspace. Nearest point: [-0.06  0.15  0.47], Distance: 13.529250247449017, Score:0.5776636230533663
now trying.....
(1, 253968)
Target out of workspace. Nearest point: [-0.06  0.15  0.47], Distance: 13.561944151691556, Score:0.5777480383241445
now trying.....
(1, 253968)
Target out of workspace. Nearest point: [-0.06  0.15  0.47], Distance: 13.59476352185767, Score:0.5774909906831793
now trying.....
(1, 253968)
Target out of workspace. Nearest point: [-0.06  0.15  0.47], Distance: 13.627595285921254, Score:0.5775769519561917
now trying.....
(1, 253968)
Target out of workspace. Nearest point: [-0.06  0.15  0.47], Distance: 13.660439354519106, Score:0.5776624075837256
now trying.....
(1, 253968)
Target out of workspace. Nearest point: [-0.06  0.15  0.47], Distance: 13.693295639112067, Score:0.5777473613062712
now trying.....
(1, 253968)
Target out of workspace. Nearest point: [-0.06  0.15  0.47], Distance: 13.726164051975948, Score:0.5778318168336121
now trying.....
(1, 253968)
Target out of workspace. Nearest point: [-0.06  0.15  0.47], Distance: 13.75904450619257, Score:0.5779157778450594
now trying.....
(1, 253968)
Target out of workspace. Nearest point: [-0.06  0.15  0.47], Distance: 13.791936915640933, Score:0.5779992479896897
now trying.....
(1, 253968)
Target out of workspace. Nearest point: [-0.06  0.15  0.47], Distance: 13.824841194988473, Score:0.5780822308865791
now trying.....
(1, 253968)
Target out of workspace. Nearest point: [-0.06  0.15  0.47], Distance: 13.857757259682446, Score:0.578164730125038
now trying.....
(1, 253968)
Target out of workspace. Nearest point: [-0.06  0.15  0.47], Distance: 13.890685025941403, Score:0.5782467492648435
now trying.....
(1, 253968)
Target out of workspace. Nearest point: [-0.06  0.15  0.47], Distance: 13.92362441074679, Score:0.5783282918364733
now trying.....
(1, 253968)
Target out of workspace. Nearest point: [-0.06  0.15  0.47], Distance: 13.956575331834635, Score:0.5784093613413357
now trying.....
(1, 253968)
Target out of workspace. Nearest point: [-0.06  0.15  0.47], Distance: 13.98953770768735, Score:0.5784899612520017
now trying.....
(1, 253968)
Target out of workspace. Nearest point: [-0.06  0.15  0.47], Distance: 14.022636209651159, Score:0.5783401302814584
now trying.....
(1, 253968)
Target out of workspace. Nearest point: [-0.06  0.15  0.47], Distance: 14.055748125291425, Score:0.5784225342488427
now trying.....
(1, 253968)
Target out of workspace. Nearest point: [-0.06  0.15  0.47], Distance: 14.08887336003298, Score:0.5785044599468927
now trying.....
(1, 253968)
Target out of workspace. Nearest point: [-0.06  0.15  0.47], Distance: 14.122011820150153, Score:0.5785859108218561
now trying.....
(1, 253968)
Target out of workspace. Nearest point: [-0.06  0.15  0.47], Distance: 14.155163412757698, Score:0.5786668902929283
now trying.....
(1, 253968)
Target out of workspace. Nearest point: [-0.06  0.15  0.47], Distance: 14.188328045801866, Score:0.5787474017524411
now trying.....
(1, 253968)
Target out of workspace. Nearest point: [-0.06  0.15  0.47], Distance: 14.22150562805153, Score:0.5788274485660513
now trying.....
(1, 253968)
Target out of workspace. Nearest point: [-0.06  0.15  0.47], Distance: 14.254696069089475, Score:0.5789070340729291
now trying.....
(1, 253968)
Target out of workspace. Nearest point: [-0.06  0.15  0.47], Distance: 14.287899279303746, Score:0.5789861615859463
now trying.....
(1, 253968)
Target out of workspace. Nearest point: [-0.06  0.15  0.47], Distance: 14.321115169879128, Score:0.5790648343918642
now trying.....
(1, 253968)
Target out of workspace. Nearest point: [-0.06  0.15  0.47], Distance: 14.354343652788714, Score:0.5791430557515209
now trying.....
(1, 253968)
Target out of workspace. Nearest point: [-0.06  0.15  0.47], Distance: 14.387584640785585, Score:0.5792208289000191
now trying.....
(1, 253968)
Target out of workspace. Nearest point: [-0.05  0.17  0.47], Distance: 14.399737845846985, Score:0.5790305397860123
now trying.....
(1, 253968)
Target out of workspace. Nearest point: [-0.05  0.17  0.47], Distance: 14.43315062805761, Score:0.5791126563543654
now trying.....
(1, 253968)
Target out of workspace. Nearest point: [-0.05  0.17  0.47], Distance: 14.466577528056925, Score:0.5791943060267419
now trying.....
(1, 253968)
Target out of workspace. Nearest point: [-0.05  0.17  0.47], Distance: 14.500018448207692, Score:0.5792754920688492
now trying.....
(1, 253968)
Target out of workspace. Nearest point: [-0.05  0.17  0.47], Distance: 14.533473291730552, Score:0.5793562177219578
now trying.....
(1, 253968)
Target out of workspace. Nearest point: [-0.05  0.17  0.47], Distance: 14.566941962695092, Score:0.5794364862030528
now trying.....
(1, 253968)
Target out of workspace. Nearest point: [-0.05  0.17  0.47], Distance: 14.60042436601104, Score:0.5795163007049866
now trying.....
(1, 253968)
Target out of workspace. Nearest point: [-0.05  0.17  0.47], Distance: 14.633920407419563, Score:0.5795956643966313
now trying.....
(1, 253968)
Target out of workspace. Nearest point: [-0.05  0.17  0.47], Distance: 14.667429993484632, Score:0.5796745804230317
now trying.....
(1, 253968)
Target out of workspace. Nearest point: [-0.05  0.17  0.47], Distance: 14.70095303158453, Score:0.5797530519055578
now trying.....
(1, 253968)
Target out of workspace. Nearest point: [-0.05  0.17  0.47], Distance: 14.734489429903439, Score:0.5798310819420587
now trying.....
(1, 253968)
Target out of workspace. Nearest point: [-0.05  0.17  0.47], Distance: 14.768039097423125, Score:0.5799086736070156
now trying.....
(1, 253968)
Target out of workspace. Nearest point: [-0.05  0.17  0.47], Distance: 14.801601943914717, Score:0.5799858299516945
now trying.....
(1, 253968)
Target out of workspace. Nearest point: [-0.05  0.17  0.47], Distance: 14.835119034039728, Score:0.5795590188499313
now trying.....
(1, 253968)
Target out of workspace. Nearest point: [-0.05  0.17  0.47], Distance: 14.868651468178136, Score:0.5796377150207972
now trying.....
(1, 253968)
Target out of workspace. Nearest point: [-0.05  0.17  0.47], Distance: 14.902199142750167, Score:0.5797159713728333
now trying.....
(1, 253968)
Target out of workspace. Nearest point: [-0.05  0.17  0.47], Distance: 14.9357619550598, Score:0.5797937908824042
now trying.....
(1, 253968)
Target out of workspace. Nearest point: [-0.05  0.17  0.47], Distance: 14.969339803285905, Score:0.5798711765048914
now trying.....
(1, 253968)
Target out of workspace. Nearest point: [-0.05  0.17  0.47], Distance: 15.002932586473475, Score:0.5799481311748034
now trying.....
(1, 253968)
Target out of workspace. Nearest point: [-0.05  0.17  0.47], Distance: 15.036540204524965, Score:0.5800246578058856
now trying.....
(1, 253968)
Target out of workspace. Nearest point: [-0.05  0.17  0.47], Distance: 15.070162558191722, Score:0.580100759291234
now trying.....
(1, 253968)
Target out of workspace. Nearest point: [-0.05  0.17  0.47], Distance: 15.103799549065517, Score:0.5801764385034063
now trying.....
(1, 253968)
Target out of workspace. Nearest point: [-0.05  0.17  0.47], Distance: 15.137451079570154, Score:0.5802516982945349
now trying.....
(1, 253968)
Target out of workspace. Nearest point: [-0.05  0.17  0.47], Distance: 15.171117052953207, Score:0.5803265414964414
now trying.....
(1, 253968)
Target out of workspace. Nearest point: [-0.05  0.17  0.47], Distance: 15.204797373277804, Score:0.5804009709207492
now trying.....
(1, 253968)
Target out of workspace. Nearest point: [-0.05  0.17  0.47], Distance: 15.238658011203823, Score:0.580199364948828
now trying.....
(1, 253968)
Target out of workspace. Nearest point: [-0.05  0.17  0.47], Distance: 15.272535058804657, Score:0.5802754237943919
now trying.....
(1, 253968)
Target out of workspace. Nearest point: [-0.05  0.17  0.47], Distance: 15.306428407123855, Score:0.580351061105282
now trying.....
(1, 253968)
Target out of workspace. Nearest point: [-0.05  0.17  0.47], Distance: 15.340337948115714, Score:0.5804262796746893
now trying.....
(1, 253968)
Target out of workspace. Nearest point: [-0.05  0.17  0.47], Distance: 15.374263574636343, Score:0.5805010822769439
now trying.....
(1, 253968)
Target out of workspace. Nearest point: [-0.05  0.17  0.47], Distance: 15.408205180434896, Score:0.5805754716676004
now trying.....
(1, 253968)
Target out of workspace. Nearest point: [-0.05  0.17  0.47], Distance: 15.442162660144843, Score:0.5806494505835229
now trying.....
(1, 253968)
Target out of workspace. Nearest point: [-0.05  0.17  0.47], Distance: 15.476135909275367, Score:0.5807230217429737
now trying.....
(1, 253968)
Target out of workspace. Nearest point: [-0.05  0.17  0.47], Distance: 15.510124824202846, Score:0.5807961878456998
now trying.....
(1, 253968)
Target out of workspace. Nearest point: [-0.05  0.17  0.47], Distance: 15.544129302162416, Score:0.5808689515730223
now trying.....
(1, 253968)
Target out of workspace. Nearest point: [-0.05  0.17  0.47], Distance: 15.578149241239638, Score:0.5809413155879259
now trying.....
(1, 253968)
Target out of workspace. Nearest point: [-0.05  0.17  0.47], Distance: 15.612184540362248, Score:0.5810132825351497
now trying.....
(1, 253968)
Target out of workspace. Nearest point: [-0.04  0.19  0.47], Distance: 15.625378375138252, Score:0.5807776900805469
now trying.....
(1, 253968)
Target out of workspace. Nearest point: [-0.04  0.19  0.47], Distance: 15.659561152297076, Score:0.580853596363647
now trying.....
(1, 253968)
Target out of workspace. Nearest point: [-0.04  0.19  0.47], Distance: 15.693761112583099, Score:0.5809290899514714
now trying.....
(1, 253968)
Target out of workspace. Nearest point: [-0.04  0.19  0.47], Distance: 15.727978143903911, Score:0.5810041734980508
now trying.....
(1, 253968)
Target out of workspace. Nearest point: [-0.04  0.19  0.47], Distance: 15.762212135084745, Score:0.5810788496404674
now trying.....
(1, 253968)
Target out of workspace. Nearest point: [-0.04  0.19  0.47], Distance: 15.796462975859706, Score:0.581153120998914
now trying.....
(1, 253968)
Target out of workspace. Nearest point: [-0.04  0.19  0.47], Distance: 15.830730556863132, Score:0.5812269901767569
now trying.....
(1, 253968)
Target out of workspace. Nearest point: [-0.04  0.19  0.47], Distance: 15.865014769621041, Score:0.5813004597605993
now trying.....
(1, 253968)
Target out of workspace. Nearest point: [-0.04  0.19  0.47], Distance: 15.899315506542646, Score:0.5813735323203446
now trying.....
(1, 253968)
Target out of workspace. Nearest point: [-0.04  0.19  0.47], Distance: 15.933632660911984, Score:0.5814462104092624
now trying.....
(1, 253968)
Target out of workspace. Nearest point: [-0.04  0.19  0.47], Distance: 15.967966126879617, Score:0.5815184965640545
now trying.....
(1, 253968)
Target out of workspace. Nearest point: [-0.04  0.19  0.47], Distance: 16.00231579945442, Score:0.5815903933049232
now trying.....
(1, 253968)
Target out of workspace. Nearest point: [-0.04  0.19  0.47], Distance: 16.036681574495457, Score:0.5816619031356396
now trying.....
(1, 253968)
Target out of workspace. Nearest point: [-0.04  0.19  0.47], Distance: 16.070983018457145, Score:0.581241628417928
now trying.....
(1, 253968)
Target out of workspace. Nearest point: [-0.04  0.19  0.47], Distance: 16.10530299675587, Score:0.5813146227843504
now trying.....
(1, 253968)
Target out of workspace. Nearest point: [-0.04  0.19  0.47], Distance: 16.139641391155177, Score:0.5813872262858117
now trying.....
(1, 253968)
Target out of workspace. Nearest point: [-0.04  0.19  0.47], Distance: 16.173998084359514, Score:0.581459441354762
now trying.....
(1, 253968)
Target out of workspace. Nearest point: [-0.04  0.19  0.47], Distance: 16.208372960005605, Score:0.5815312704091606
now trying.....
(1, 253968)
Target out of workspace. Nearest point: [-0.04  0.19  0.47], Distance: 16.242765902653915, Score:0.5816027158525128
now trying.....
(1, 253968)
Target out of workspace. Nearest point: [-0.04  0.19  0.47], Distance: 16.277176797780147, Score:0.5816737800739022
now trying.....
(1, 253968)
Target out of workspace. Nearest point: [-0.04  0.19  0.47], Distance: 16.31160553176689, Score:0.5817444654480313
now trying.....
(1, 253968)
Target out of workspace. Nearest point: [-0.04  0.19  0.47], Distance: 16.346051991895287, Score:0.5818147743352575
now trying.....
(1, 253968)
Target out of workspace. Nearest point: [-0.04  0.19  0.47], Distance: 16.380516066336853, Score:0.5818847090816348
now trying.....
(1, 253968)
Target out of workspace. Nearest point: [-0.04  0.19  0.47], Distance: 16.41499764414529, Score:0.5819542720189541
now trying.....
(1, 253968)
Target out of workspace. Nearest point: [-0.04  0.19  0.47], Distance: 16.449496615248478, Score:0.5820234654647858
now trying.....
(1, 253968)
Target out of workspace. Nearest point: [-0.03  0.21  0.47], Distance: 16.46340613961584, Score:0.5817754892044456
now trying.....
(1, 253968)
Target out of workspace. Nearest point: [-0.03  0.21  0.47], Distance: 16.498094474473405, Score:0.5818486254368107
now trying.....
(1, 253968)
Target out of workspace. Nearest point: [-0.03  0.21  0.47], Distance: 16.532802369210103, Score:0.5819213764246676
now trying.....
(1, 253968)
Target out of workspace. Nearest point: [-0.03  0.21  0.47], Distance: 16.567529700895918, Score:0.5819937444945653
now trying.....
(1, 253968)
Target out of workspace. Nearest point: [-0.03  0.21  0.47], Distance: 16.602276347560828, Score:0.582065731960111
now trying.....
(1, 253968)
Target out of workspace. Nearest point: [-0.03  0.21  0.47], Distance: 16.637042188186186, Score:0.5821373411219823
now trying.....
(1, 253968)
Target out of workspace. Nearest point: [-0.03  0.21  0.47], Distance: 16.671827102696223, Score:0.5822085742679433
now trying.....
(1, 253968)
Target out of workspace. Nearest point: [-0.03  0.21  0.47], Distance: 16.706630971949597, Score:0.5822794336728627
now trying.....
(1, 253968)
Target out of workspace. Nearest point: [-0.03  0.21  0.47], Distance: 16.74145367773106, Score:0.5823499215987324
now trying.....
(1, 253968)
Target out of workspace. Nearest point: [-0.03  0.21  0.47], Distance: 16.77629510274316, Score:0.5824200402946871
now trying.....
(1, 253968)
Target out of workspace. Nearest point: [-0.03  0.21  0.47], Distance: 16.811155130598056, Score:0.5824897919970264
now trying.....
(1, 253968)
Target out of workspace. Nearest point: [-0.03  0.21  0.47], Distance: 16.84603364580941, Score:0.5825591789292399
now trying.....
(1, 253968)
Target out of workspace. Nearest point: [-0.03  0.21  0.47], Distance: 16.880930533784326, Score:0.5826282033020298
now trying.....
(1, 253968)
Target out of workspace. Nearest point: [-0.03  0.21  0.47], Distance: 16.915734736392366, Score:0.5821405248186777
now trying.....
(1, 253968)
Target out of workspace. Nearest point: [-0.03  0.21  0.47], Distance: 16.95055999539634, Score:0.5822110301080532
now trying.....
(1, 253968)
Target out of workspace. Nearest point: [-0.03  0.21  0.47], Distance: 16.985406181280155, Score:0.5822811693066452
now trying.....
(1, 253968)
Target out of workspace. Nearest point: [-0.03  0.21  0.47], Distance: 17.020273165510872, Score:0.5823509445510052
now trying.....
(1, 253968)
Target out of workspace. Nearest point: [-0.03  0.21  0.47], Distance: 17.05516082053021, Score:0.5824203579667674
now trying.....
(1, 253968)
Target out of workspace. Nearest point: [-0.03  0.21  0.47], Distance: 17.09006901974618, Score:0.5824894116686428
now trying.....
(1, 253968)
Target out of workspace. Nearest point: [-0.03  0.21  0.47], Distance: 17.12499763752473, Score:0.5825581077604152
now trying.....
(1, 253968)
Target out of workspace. Nearest point: [-0.03  0.21  0.47], Distance: 17.159946549181527, Score:0.5826264483349389
now trying.....
(1, 253968)
Target out of workspace. Nearest point: [-0.03  0.21  0.47], Distance: 17.194915630973778, Score:0.5826944354741372
now trying.....
(1, 253968)
Target out of workspace. Nearest point: [-0.03  0.21  0.47], Distance: 17.229904760092136, Score:0.5827620712490045
now trying.....
(1, 253968)
Target out of workspace. Nearest point: [-0.03  0.21  0.47], Distance: 17.264913814652683, Score:0.5828293577196084
now trying.....
(1, 253968)
Target out of workspace. Nearest point: [-0.03  0.21  0.47], Distance: 17.299942673688964, Score:0.5828962969350939
now trying.....
(1, 253968)
Target out of workspace. Nearest point: [-0.02  0.23  0.47], Distance: 17.31451382430899, Score:0.5825403846281845
now trying.....
(1, 253968)
Target out of workspace. Nearest point: [-0.02  0.23  0.47], Distance: 17.349629931633288, Score:0.5826108973094084
now trying.....
(1, 253968)
Target out of workspace. Nearest point: [-0.02  0.23  0.47], Distance: 17.384768090402133, Score:0.5826810503014404
now trying.....
(1, 253968)
Target out of workspace. Nearest point: [-0.02  0.23  0.47], Distance: 17.41992816717402, Score:0.5827508456353048
now trying.....
(1, 253968)
Target out of workspace. Nearest point: [-0.02  0.23  0.47], Distance: 17.455110029499714, Score:0.5828202853325024
now trying.....
(1, 253968)
Target out of workspace. Nearest point: [-0.02  0.23  0.47], Distance: 17.49031354591392, Score:0.582889371404989
now trying.....
(1, 253968)
Target out of workspace. Nearest point: [-0.02  0.23  0.47], Distance: 17.52553858592707, Score:0.5829581058551545
now trying.....
(1, 253968)
Target out of workspace. Nearest point: [-0.02  0.23  0.47], Distance: 17.560785020017107, Score:0.5830264906758069
now trying.....
(1, 253968)
Target out of workspace. Nearest point: [-0.02  0.23  0.47], Distance: 17.5960527196214, Score:0.5830945278501527
now trying.....
(1, 253968)
Target out of workspace. Nearest point: [-0.02  0.23  0.47], Distance: 17.631341557128724, Score:0.5831622193517854
now trying.....
(1, 253968)
Target out of workspace. Nearest point: [-0.02  0.23  0.47], Distance: 17.66665140587126, Score:0.5832295671446706
now trying.....
(1, 253968)
Target out of workspace. Nearest point: [-0.02  0.23  0.47], Distance: 17.701982140116726, Score:0.5832965731831361
now trying.....
(1, 253968)
Target out of workspace. Nearest point: [-0.02  0.23  0.47], Distance: 17.737333635060544, Score:0.5833632394118631
now trying.....
(1, 253968)
Target out of workspace. Nearest point: [0.11 0.54 0.19], Distance: 17.47656472733935, Score:0.5817598523291323
now trying.....
(1, 253968)
Target out of workspace. Nearest point: [0.11 0.54 0.19], Distance: 17.511947117059314, Score:0.5818608344324937
now trying.....
(1, 253968)
Target out of workspace. Nearest point: [0.11 0.54 0.19], Distance: 17.547352907275847, Score:0.5819613537377138
now trying.....
(1, 253968)
Target out of workspace. Nearest point: [0.11 0.54 0.19], Distance: 17.582781956626835, Score:0.5820614124906008
now trying.....
(1, 253968)
Target out of workspace. Nearest point: [0.11 0.54 0.19], Distance: 17.61823412479475, Score:0.5821610129306434
now trying.....
(1, 253968)
Target out of workspace. Nearest point: [0.11 0.54 0.19], Distance: 17.653709272498016, Score:0.5822601572909062
now trying.....
(1, 253968)
Target out of workspace. Nearest point: [0.11 0.54 0.19], Distance: 17.689207261482423, Score:0.582358847797927
now trying.....
(1, 253968)
Target out of workspace. Nearest point: [0.11 0.54 0.19], Distance: 17.724727954512662, Score:0.582457086671619
now trying.....
(1, 253968)
Target out of workspace. Nearest point: [0.11 0.54 0.19], Distance: 17.760271215363876, Score:0.5825548761251742
now trying.....
(1, 253968)
Target out of workspace. Nearest point: [0.11 0.54 0.19], Distance: 17.79583690881333, Score:0.582652218364973
now trying.....
(1, 253968)
Target out of workspace. Nearest point: [0.11 0.54 0.19], Distance: 17.831424900632108, Score:0.5827491155904936
now trying.....
(1, 253968)
Target out of workspace. Nearest point: [0.11 0.54 0.19], Distance: 17.867035057576928, Score:0.5828455699942263
now trying.....
(1, 253968)
Target out of workspace. Nearest point: [-0.02  0.23  0.47], Distance: 18.19624728434918, Score:0.5838565501189363
now trying.....
(1, 253968)
Target out of workspace. Nearest point: [-0.02  0.23  0.47], Distance: 18.231557845058784, Score:0.583919449885862
now trying.....
(1, 253968)
Target out of workspace. Nearest point: [-0.02  0.23  0.47], Distance: 18.266888887883024, Score:0.5839820365805583
now trying.....
(1, 253968)
Target out of workspace. Nearest point: [-0.02  0.23  0.47], Distance: 18.302240294204534, Score:0.5840443119467785
now trying.....
(1, 253968)
Target out of workspace. Nearest point: [-0.02  0.23  0.47], Distance: 18.33761194625254, Score:0.5841062777197638
now trying.....
(1, 253968)
Target out of workspace. Nearest point: [-0.02  0.23  0.47], Distance: 18.373003727096002, Score:0.5841679356262379
now trying.....
(1, 253968)
Target out of workspace. Nearest point: [-0.02  0.23  0.47], Distance: 18.40841552063684, Score:0.5842292873844069
now trying.....
(1, 253968)
Target out of workspace. Nearest point: [-0.02  0.23  0.47], Distance: 18.4438472116032, Score:0.584290334703958
now trying.....
(1, 253968)
Target out of workspace. Nearest point: [-0.02  0.23  0.47], Distance: 18.479298685542773, Score:0.5843510792860583
now trying.....
(1, 253968)
Target out of workspace. Nearest point: [-0.02  0.23  0.47], Distance: 18.5147698288162, Score:0.5844115228233577
now trying.....
(1, 253968)
Target out of workspace. Nearest point: [-0.02  0.23  0.47], Distance: 18.550260528590492, Score:0.5844716669999915
now trying.....
(1, 253968)
Target out of workspace. Nearest point: [-0.02  0.23  0.47], Distance: 18.58577067283254, Score:0.584531513491583
now trying.....
(1, 253968)
Target out of workspace. Nearest point: [-0.02  0.23  0.47], Distance: 18.62130015030266, Score:0.5845910639652494
now trying.....
(1, 253968)
Target out of workspace. Nearest point: [0.11 0.54 0.19], Distance: 18.365950945455573, Score:0.5816013242181967
now trying.....
(1, 253968)
Target out of workspace. Nearest point: [0.11 0.54 0.19], Distance: 18.40230692633376, Score:0.5816959114049481
now trying.....
(1, 253968)
Target out of workspace. Nearest point: [0.11 0.54 0.19], Distance: 18.438687686250955, Score:0.5817900674221498
now trying.....
(1, 253968)
Target out of workspace. Nearest point: [0.11 0.54 0.19], Distance: 18.475093078824088, Score:0.5818837943249404
now trying.....
(1, 253968)
Target out of workspace. Nearest point: [0.11 0.54 0.19], Distance: 18.511522958722892, Score:0.5819770941630703
now trying.....
(1, 253968)
Target out of workspace. Nearest point: [0.11 0.54 0.19], Distance: 18.54797718166151, Score:0.5820699689808011
now trying.....
(1, 253968)
Target out of workspace. Nearest point: [0.11 0.54 0.19], Distance: 18.58445560439011, Score:0.5821624208168086
now trying.....
(1, 253968)
Target out of workspace. Nearest point: [0.11 0.54 0.19], Distance: 18.620958084686677, Score:0.5822544517040876
now trying.....
(1, 253968)
Target out of workspace. Nearest point: [0.11 0.54 0.19], Distance: 18.657484481348742, Score:0.5823460636698615
now trying.....
(1, 253968)
Target out of workspace. Nearest point: [0.11 0.54 0.19], Distance: 18.694034654185284, Score:0.5824372587354928
now trying.....
(1, 253968)
Target out of workspace. Nearest point: [0.11 0.54 0.19], Distance: 18.730608464008622, Score:0.5825280389163979
now trying.....
(1, 253968)
Target out of workspace. Nearest point: [0.11 0.54 0.19], Distance: 18.767205772626422, Score:0.5826184062219631
now trying.....
(1, 253968)
Target out of workspace. Nearest point: [0.11 0.54 0.19], Distance: 18.80365961461781, Score:0.5833929896809458
now trying.....
(1, 253968)
Target out of workspace. Nearest point: [0.11 0.54 0.19], Distance: 18.84013533106159, Score:0.5834812067044424
now trying.....
(1, 253968)
Target out of workspace. Nearest point: [0.11 0.54 0.19], Distance: 18.87663279515236, Score:0.5835690239836058
now trying.....
(1, 253968)
Target out of workspace. Nearest point: [0.11 0.54 0.19], Distance: 18.913151880988213, Score:0.5836564434956162
now trying.....
(1, 253968)
Target out of workspace. Nearest point: [0.11 0.54 0.19], Distance: 18.949692463563473, Score:0.5837434672105999
now trying.....
(1, 253968)
Target out of workspace. Nearest point: [0.11 0.54 0.19], Distance: 18.986254418761504, Score:0.5838300970915786
now trying.....
(1, 253968)
Target out of workspace. Nearest point: [0.11 0.54 0.19], Distance: 19.022837623347552, Score:0.5839163350944192
now trying.....
(1, 253968)
Target out of workspace. Nearest point: [0.11 0.54 0.19], Distance: 19.059441954961677, Score:0.5840021831677866
now trying.....
(1, 253968)
Target out of workspace. Nearest point: [0.11 0.54 0.19], Distance: 19.09606729211174, Score:0.5840876432530989
now trying.....
(1, 253968)
Target out of workspace. Nearest point: [0.11 0.54 0.19], Distance: 19.132713514166415, Score:0.5841727172844826
now trying.....
(1, 253968)
Target out of workspace. Nearest point: [0.11 0.54 0.19], Distance: 19.169380501348304, Score:0.5842574071887326
now trying.....
(1, 253968)
Target out of workspace. Nearest point: [0.11 0.54 0.19], Distance: 19.20606813472708, Score:0.5843417148852719
now trying.....
(1, 253968)
Target out of workspace. Nearest point: [0.11 0.54 0.19], Distance: 19.242776296212696, Score:0.5844256422861135
Traceback (most recent call last):
  File "/home/ltx/mask_discoverse/DISCOVERSE/discoverse/examples/tasks_hand_arm/build_tower.py", line 1195, in <module>
    json.dump(text_print, f, indent=4, ensure_ascii=False)  # ensure_ascii=False
  File "/home/ltx/miniconda3/envs/mask_dis/lib/python3.9/json/__init__.py", line 179, in dump
    for chunk in iterable:
  File "/home/ltx/miniconda3/envs/mask_dis/lib/python3.9/json/encoder.py", line 429, in _iterencode
    yield from _iterencode_list(o, _current_indent_level)
  File "/home/ltx/miniconda3/envs/mask_dis/lib/python3.9/json/encoder.py", line 325, in _iterencode_list
    yield from chunks
  File "/home/ltx/miniconda3/envs/mask_dis/lib/python3.9/json/encoder.py", line 438, in _iterencode
    o = _default(o)
  File "/home/ltx/miniconda3/envs/mask_dis/lib/python3.9/json/encoder.py", line 179, in default
    raise TypeError(f'Object of type {o.__class__.__name__} '
TypeError: Object of type ndarray is not JSON se/home/ltx/my_brain/ply_read.pyrializable
Exception ignored in: <function SimulatorBase.__del__ at 0x7f73646faaf0>
Traceback (most recent call last):
  File "/home/ltx/mask_discoverse/DISCOVERSE/discoverse/envs/simulator.py", line 231, in __del__
  File "/home/ltx/miniconda3/envs/mask_dis/lib/python3.9/site-packages/mujoco/renderer.py", line 323, in close
  File "/home/ltx/miniconda3/envs/mask_dis/lib/python3.9/site-packages/mujoco/egl/__init__.py", line 129, in free
  File "/home/ltx/miniconda3/envs/mask_dis/lib/python3.9/site-packages/OpenGL/platform/baseplatform.py", line 486, in __call__
  File "/home/ltx/miniconda3/envs/mask_dis/lib/python3.9/site-packages/OpenGL/platform/baseplatform.py", line 462, in load
  File "/home/ltx/miniconda3/envs/mask_dis/lib/python3.9/logging/__init__.py", line 1446, in info
  File "/home/ltx/miniconda3/envs/mask_dis/lib/python3.9/logging/__init__.py", line 1589, in _log
  File "/home/ltx/miniconda3/envs/mask_dis/lib/python3.9/logging/__init__.py", line 1599, in handle
  File "/home/ltx/miniconda3/envs/mask_dis/lib/python3.9/logging/__init__.py", line 1661, in callHandlers
  File "/home/ltx/miniconda3/envs/mask_dis/lib/python3.9/logging/__init__.py", line 952, in handle
  File "/home/ltx/miniconda3/envs/mask_dis/lib/python3.9/logging/__init__.py", line 1186, in emit
  File "/home/ltx/miniconda3/envs/mask_dis/lib/python3.9/logging/__init__.py", line 1175, in _open
NameError: name 'open' is not defined
Exception ignored in: <function Renderer.__del__ at 0x7f755576ee50>
Traceback (most recent call last):
  File "/home/ltx/miniconda3/envs/mask_dis/lib/python3.9/site-packages/mujoco/renderer.py", line 337, in __del__
  File "/home/ltx/miniconda3/envs/mask_dis/lib/python3.9/site-packages/mujoco/renderer.py", line 323, in close
  File "/home/ltx/miniconda3/envs/mask_dis/lib/python3.9/site-packages/mujoco/egl/__init__.py", line 129, in free
  File "/home/ltx/miniconda3/envs/mask_dis/lib/python3.9/site-packages/OpenGL/platform/baseplatform.py", line 486, in __call__
  File "/home/ltx/miniconda3/envs/mask_dis/lib/python3.9/site-packages/OpenGL/platform/baseplatform.py", line 462, in load
  File "/home/ltx/miniconda3/envs/mask_dis/lib/python3.9/logging/__init__.py", line 1446, in info
  File "/home/ltx/miniconda3/envs/mask_dis/lib/python3.9/logging/__init__.py", line 1589, in _log
  File "/home/ltx/miniconda3/envs/mask_dis/lib/python3.9/logging/__init__.py", line 1599, in handle
  File "/home/ltx/miniconda3/envs/mask_dis/lib/python3.9/logging/__init__.py", line 1661, in callHandlers
  File "/home/ltx/miniconda3/envs/mask_dis/lib/python3.9/logging/__init__.py", line 952, in handle
  File "/home/ltx/miniconda3/envs/mask_dis/lib/python3.9/logging/__init__.py", line 1186, in emit
  File "/home/ltx/miniconda3/envs/mask_dis/lib/python3.9/logging/__init__.py", line 1175, in _open
NameError: name 'open' is not defined
Exception ignored in: <function Renderer.__del__ at 0x7f755576ee50>
Traceback (most recent call last):
  File "/home/ltx/miniconda3/envs/mask_dis/lib/python3.9/site-packages/mujoco/renderer.py", line 337, in __del__
  File "/home/ltx/miniconda3/envs/mask_dis/lib/python3.9/site-packages/mujoco/renderer.py", line 323, in close
  File "/home/ltx/miniconda3/envs/mask_dis/lib/python3.9/site-packages/mujoco/egl/__init__.py", line 129, in free
  File "/home/ltx/miniconda3/envs/mask_dis/lib/python3.9/site-packages/OpenGL/platform/baseplatform.py", line 486, in __call__
  File "/home/ltx/miniconda3/envs/mask_dis/lib/python3.9/site-packages/OpenGL/platform/baseplatform.py", line 462, in load
  File "/home/ltx/miniconda3/envs/mask_dis/lib/python3.9/logging/__init__.py", line 1446, in info
  File "/home/ltx/miniconda3/envs/mask_dis/lib/python3.9/logging/__init__.py", line 1589, in _log
  File "/home/ltx/miniconda3/envs/mask_dis/lib/python3.9/logging/__init__.py", line 1599, in handle
  File "/home/ltx/miniconda3/envs/mask_dis/lib/python3.9/logging/__init__.py", line 1661, in callHandlers
  File "/home/ltx/miniconda3/envs/mask_dis/lib/python3.9/logging/__init__.py", line 952, in handle
  File "/home/ltx/miniconda3/envs/mask_dis/lib/python3.9/logging/__init__.py", line 1186, in emit
  File "/home/ltx/miniconda3/envs/mask_dis/lib/python3.9/logging/__init__.py", line 1175, in _open
NameError: name 'open' is not defined
Exception ignored in: <function GLContext.__del__ at 0x7f755d698280>
Traceback (most recent call last):
  File "/home/ltx/miniconda3/envs/mask_dis/lib/python3.9/site-packages/mujoco/egl/__init__.py", line 138, in __del__
  File "/home/ltx/miniconda3/envs/mask_dis/lib/python3.9/site-packages/mujoco/egl/__init__.py", line 129, in free
  File "/home/ltx/miniconda3/envs/mask_dis/lib/python3.9/site-packages/OpenGL/platform/baseplatform.py", line 486, in __call__
  File "/home/ltx/miniconda3/envs/mask_dis/lib/python3.9/site-packages/OpenGL/platform/baseplatform.py", line 462, in load
  File "/home/ltx/miniconda3/envs/mask_dis/lib/python3.9/logging/__init__.py", line 1446, in info
  File "/home/ltx/miniconda3/envs/mask_dis/lib/python3.9/logging/__init__.py", line 1589, in _log
  File "/home/ltx/miniconda3/envs/mask_dis/lib/python3.9/logging/__init__.py", line 1599, in handle
  File "/home/ltx/miniconda3/envs/mask_dis/lib/python3.9/logging/__init__.py", line 1661, in callHandlers
  File "/home/ltx/miniconda3/envs/mask_dis/lib/python3.9/logging/__init__.py", line 952, in handle
  File "/home/ltx/miniconda3/envs/mask_dis/lib/python3.9/logging/__init__.py", line 1186, in emit
  File "/home/ltx/miniconda3/envs/mask_dis/lib/python3.9/logging/__init__.py", line 1175, in _open
NameError: name 'open' is not defined
Exception ignored in: <function GLContext.__del__ at 0x7f755d698280>
Traceback (most recent call last):
  File "/home/ltx/miniconda3/envs/mask_dis/lib/python3.9/site-packages/mujoco/egl/__init__.py", line 138, in __del__
  File "/home/ltx/miniconda3/envs/mask_dis/lib/python3.9/site-packages/mujoco/egl/__init__.py", line 129, in free
  File "/home/ltx/miniconda3/envs/mask_dis/lib/python3.9/site-packages/OpenGL/platform/baseplatform.py", line 486, in __call__
  File "/home/ltx/miniconda3/envs/mask_dis/lib/python3.9/site-packages/OpenGL/platform/baseplatform.py", line 462, in load
  File "/home/ltx/miniconda3/envs/mask_dis/lib/python3.9/logging/__init__.py", line 1446, in info
  File "/home/ltx/miniconda3/envs/mask_dis/lib/python3.9/logging/__init__.py", line 1589, in _log
  File "/home/ltx/miniconda3/envs/mask_dis/lib/python3.9/logging/__init__.py", line 1599, in handle
  File "/home/ltx/miniconda3/envs/mask_dis/lib/python3.9/logging/__init__.py", line 1661, in callHandlers
  File "/home/ltx/miniconda3/envs/mask_dis/lib/python3.9/logging/__init__.py", line 952, in handle
  File "/home/ltx/miniconda3/envs/mask_dis/lib/python3.9/logging/__init__.py", line 1186, in emit
  File "/home/ltx/miniconda3/envs/mask_dis/lib/python3.9/logging/__init__.py", line 1175, in _open
NameError: name 'open' is not defined
SimulatorBase is deleted
